\BOOKMARK [1][-]{section.1}{Les ondes \351lectromagn\351tiques}{}% 1
\BOOKMARK [1][-]{section.2}{Les liaisons hertziennes en espace libre}{}% 2
\BOOKMARK [2][-]{subsection.2.1}{Propagation dans l'environnement terrestre}{section.2}% 3
\BOOKMARK [2][-]{subsection.2.2}{Att\351nuation et absorption}{section.2}% 4
\BOOKMARK [3][-]{subsubsection.2.2.1}{Att\351nuation}{subsection.2.2}% 5
\BOOKMARK [3][-]{subsubsection.2.2.2}{Absorption}{subsection.2.2}% 6
\BOOKMARK [2][-]{subsection.2.3}{Ellipso\357de de Fresnel}{section.2}% 7
\BOOKMARK [2][-]{subsection.2.4}{Types de liaisons}{section.2}% 8
\BOOKMARK [1][-]{section.3}{Les antennes}{}% 9
\BOOKMARK [2][-]{subsection.3.1}{Le D\351cibel}{section.3}% 10
\BOOKMARK [2][-]{subsection.3.2}{Caract\351ristiques des antennes}{section.3}% 11
\BOOKMARK [3][-]{subsubsection.3.2.1}{\311volution des ondes dans le spectre fr\351quentiel}{subsection.3.2}% 12
\BOOKMARK [2][-]{subsection.3.3}{Diagramme de rayonnement}{section.3}% 13
\BOOKMARK [2][-]{subsection.3.4}{Gain d'une antenne}{section.3}% 14
\BOOKMARK [2][-]{subsection.3.5}{Polarisation}{section.3}% 15
\BOOKMARK [2][-]{subsection.3.6}{Bande passante}{section.3}% 16
\BOOKMARK [1][-]{section.4}{Traitement des signaux}{}% 17
\BOOKMARK [2][-]{subsection.4.1}{Signal et Bruit}{section.4}% 18
\BOOKMARK [2][-]{subsection.4.2}{Signal sinuso\357dal}{section.4}% 19
\BOOKMARK [2][-]{subsection.4.3}{Le d\351phasage}{section.4}% 20
\BOOKMARK [2][-]{subsection.4.4}{S\351rie de Fourier}{section.4}% 21
\BOOKMARK [2][-]{subsection.4.5}{Spectre d'un signal}{section.4}% 22
\BOOKMARK [2][-]{subsection.4.6}{Utilit\351 de traiter un signal}{section.4}% 23
\BOOKMARK [1][-]{section.5}{Modulation analogique}{}% 24
\BOOKMARK [2][-]{subsection.5.1}{La modulation d'amplitude - AM}{section.5}% 25
\BOOKMARK [3][-]{subsubsection.5.1.1}{D\351modulation d'amplitude}{subsection.5.1}% 26
\BOOKMARK [2][-]{subsection.5.2}{Modulation de fr\351quence - FM}{section.5}% 27
\BOOKMARK [2][-]{subsection.5.3}{Modulation de phase - PM}{section.5}% 28
\BOOKMARK [1][-]{section.6}{La modulation num\351rique}{}% 29
\BOOKMARK [2][-]{subsection.6.1}{Transmissions num\351rique en bande de base}{section.6}% 30
\BOOKMARK [3][-]{subsubsection.6.1.1}{Codage NRZ bipolaire}{subsection.6.1}% 31
\BOOKMARK [3][-]{subsubsection.6.1.2}{Codage NRZ unipolaire}{subsection.6.1}% 32
\BOOKMARK [3][-]{subsubsection.6.1.3}{Codage NRZ-I}{subsection.6.1}% 33
\BOOKMARK [3][-]{subsubsection.6.1.4}{Codage RZ}{subsection.6.1}% 34
\BOOKMARK [3][-]{subsubsection.6.1.5}{Codage Manchester}{subsection.6.1}% 35
\BOOKMARK [2][-]{subsection.6.2}{Codes d\351tecteurs et correcteurs d'erreurs}{section.6}% 36
\BOOKMARK [3][-]{subsubsection.6.2.1}{D\351tection d'erreur : bit de parit\351}{subsection.6.2}% 37
\BOOKMARK [3][-]{subsubsection.6.2.2}{Correcteurs d'erreurs}{subsection.6.2}% 38
\BOOKMARK [3][-]{subsubsection.6.2.3}{Entrelacement}{subsection.6.2}% 39
\BOOKMARK [2][-]{subsection.6.3}{Modulation ASK}{section.6}% 40
\BOOKMARK [2][-]{subsection.6.4}{Modulation FSK}{section.6}% 41
\BOOKMARK [3][-]{subsubsection.6.4.1}{Modulation 4FSK}{subsection.6.4}% 42
\BOOKMARK [3][-]{subsubsection.6.4.2}{Modulation AFSK - Audio FSK}{subsection.6.4}% 43
\BOOKMARK [2][-]{subsection.6.5}{Modulation PSK}{section.6}% 44
\BOOKMARK [2][-]{subsection.6.6}{Modulation QPSK}{section.6}% 45
\BOOKMARK [2][-]{subsection.6.7}{La modulation \340 plus de 4 \351tats}{section.6}% 46
\BOOKMARK [3][-]{subsubsection.6.7.1}{Modulation 8PSK}{subsection.6.7}% 47
\BOOKMARK [3][-]{subsubsection.6.7.2}{Modulation 8QAM}{subsection.6.7}% 48
\BOOKMARK [1][-]{section.7}{La modulation d'impulsions analogiques}{}% 49
\BOOKMARK [2][-]{subsection.7.1}{Pulse Amplitude Modulation}{section.7}% 50
\BOOKMARK [2][-]{subsection.7.2}{Pulse Width Modulation}{section.7}% 51
\BOOKMARK [2][-]{subsection.7.3}{Pulse Position Modulation}{section.7}% 52
\BOOKMARK [3][-]{subsubsection.7.3.1}{PPM normale}{subsection.7.3}% 53
\BOOKMARK [3][-]{subsubsection.7.3.2}{PPM diff\351rentielle}{subsection.7.3}% 54
\BOOKMARK [2][-]{subsection.7.4}{Pulse Coded Modulation}{section.7}% 55
\BOOKMARK [1][-]{section.8}{La fibre optique}{}% 56
\BOOKMARK [2][-]{subsection.8.1}{Structure}{section.8}% 57
\BOOKMARK [2][-]{subsection.8.2}{Les diff\351rentes fibres optiques}{section.8}% 58
\BOOKMARK [2][-]{subsection.8.3}{\311metteurs optiques}{section.8}% 59
\BOOKMARK [2][-]{subsection.8.4}{D\351tecteurs optiques}{section.8}% 60
\BOOKMARK [2][-]{subsection.8.5}{Modulations et multiplexages}{section.8}% 61
\BOOKMARK [1][-]{section.9}{QCM}{}% 62
\BOOKMARK [2][-]{subsection.9.1}{Les ondes \351lectromagn\351tiques}{section.9}% 63
\BOOKMARK [2][-]{subsection.9.2}{Les liaisons hertziennes en espace libre}{section.9}% 64
\BOOKMARK [2][-]{subsection.9.3}{Les antennes}{section.9}% 65
\BOOKMARK [2][-]{subsection.9.4}{Signal - S\351rie de Fourier - Spectre}{section.9}% 66
\BOOKMARK [2][-]{subsection.9.5}{Traitement d'un signal - analogique / num\351rique}{section.9}% 67
\BOOKMARK [2][-]{subsection.9.6}{Transmissions num\351riques et erreurs}{section.9}% 68
\BOOKMARK [2][-]{subsection.9.7}{Modulation analogique}{section.9}% 69
\BOOKMARK [2][-]{subsection.9.8}{Modulation num\351rique}{section.9}% 70
\BOOKMARK [2][-]{subsection.9.9}{Modulation d'impulsions analogiques}{section.9}% 71
\BOOKMARK [2][-]{subsection.9.10}{La fibre optique}{section.9}% 72
