This is pdfTeX, Version 3.141592653-2.6-1.40.22 (MiKTeX 21.3) (preloaded format=pdflatex 2021.5.27)  28 MAY 2021 14:32
entering extended mode
**"c:/Users/Senec/Desktop/Latex/Creation/Rapport/Sécurité OS/rapport-henallux/rapport.tex"
(c:/Users/Senec/Desktop/Latex/Creation/Rapport/Sécurité OS/rapport-henallux/rapport.tex
LaTeX2e <2020-10-01> patch level 4
L3 programming layer <2021-05-11> (C:\Users\Senec\AppData\Local\Programs\MiKTeX\tex/latex/base\article.cls
Document Class: article 2020/04/10 v1.4m Standard LaTeX document class
(C:\Users\Senec\AppData\Local\Programs\MiKTeX\tex/latex/base\size10.clo
File: size10.clo 2020/04/10 v1.4m Standard LaTeX file (size option)
)
\c@part=\count179
\c@section=\count180
\c@subsection=\count181
\c@subsubsection=\count182
\c@paragraph=\count183
\c@subparagraph=\count184
\c@figure=\count185
\c@table=\count186
\abovecaptionskip=\skip47
\belowcaptionskip=\skip48
\bibindent=\dimen138
) (C:\Users\Senec\AppData\Local\Programs\MiKTeX\tex/latex/lm\lmodern.sty
Package: lmodern 2009/10/30 v1.6 Latin Modern Fonts
LaTeX Font Info:    Overwriting symbol font `operators' in version `normal'
(Font)                  OT1/cmr/m/n --> OT1/lmr/m/n on input line 22.
LaTeX Font Info:    Overwriting symbol font `letters' in version `normal'
(Font)                  OML/cmm/m/it --> OML/lmm/m/it on input line 23.
LaTeX Font Info:    Overwriting symbol font `symbols' in version `normal'
(Font)                  OMS/cmsy/m/n --> OMS/lmsy/m/n on input line 24.
LaTeX Font Info:    Overwriting symbol font `largesymbols' in version `normal'
(Font)                  OMX/cmex/m/n --> OMX/lmex/m/n on input line 25.
LaTeX Font Info:    Overwriting symbol font `operators' in version `bold'
(Font)                  OT1/cmr/bx/n --> OT1/lmr/bx/n on input line 26.
LaTeX Font Info:    Overwriting symbol font `letters' in version `bold'
(Font)                  OML/cmm/b/it --> OML/lmm/b/it on input line 27.
LaTeX Font Info:    Overwriting symbol font `symbols' in version `bold'
(Font)                  OMS/cmsy/b/n --> OMS/lmsy/b/n on input line 28.
LaTeX Font Info:    Overwriting symbol font `largesymbols' in version `bold'
(Font)                  OMX/cmex/m/n --> OMX/lmex/m/n on input line 29.
LaTeX Font Info:    Overwriting math alphabet `\mathbf' in version `normal'
(Font)                  OT1/cmr/bx/n --> OT1/lmr/bx/n on input line 31.
LaTeX Font Info:    Overwriting math alphabet `\mathsf' in version `normal'
(Font)                  OT1/cmss/m/n --> OT1/lmss/m/n on input line 32.
LaTeX Font Info:    Overwriting math alphabet `\mathit' in version `normal'
(Font)                  OT1/cmr/m/it --> OT1/lmr/m/it on input line 33.
LaTeX Font Info:    Overwriting math alphabet `\mathtt' in version `normal'
(Font)                  OT1/cmtt/m/n --> OT1/lmtt/m/n on input line 34.
LaTeX Font Info:    Overwriting math alphabet `\mathbf' in version `bold'
(Font)                  OT1/cmr/bx/n --> OT1/lmr/bx/n on input line 35.
LaTeX Font Info:    Overwriting math alphabet `\mathsf' in version `bold'
(Font)                  OT1/cmss/bx/n --> OT1/lmss/bx/n on input line 36.
LaTeX Font Info:    Overwriting math alphabet `\mathit' in version `bold'
(Font)                  OT1/cmr/bx/it --> OT1/lmr/bx/it on input line 37.
LaTeX Font Info:    Overwriting math alphabet `\mathtt' in version `bold'
(Font)                  OT1/cmtt/m/n --> OT1/lmtt/m/n on input line 38.
) (C:\Users\Senec\AppData\Local\Programs\MiKTeX\tex/generic/babel\babel.sty
Package: babel 2021/05/16 3.59 The Babel package
 (C:\Users\Senec\AppData\Local\Programs\MiKTeX\tex/generic/babel\babel.def
File: babel.def 2021/05/16 3.59 Babel common definitions
\babel@savecnt=\count187
\U@D=\dimen139
\l@unhyphenated=\language79
 (C:\Users\Senec\AppData\Local\Programs\MiKTeX\tex/generic/babel\txtbabel.def)
\bbl@readstream=\read2
)
\bbl@dirlevel=\count188

*************************************
* Local config file bblopts.cfg used
*
(C:\Users\Senec\AppData\Local\Programs\MiKTeX\tex/latex/arabi\bblopts.cfg
File: bblopts.cfg 2005/09/08 v0.1 add Arabic and Farsi to "declared" options of babel
) (C:\Users\Senec\AppData\Local\Programs\MiKTeX\tex/generic/babel-french\french.ldf
Language: french 2020/10/10 v3.5l French support from the babel system
Package babel Info: Hyphen rules for 'acadian' set to \l@french
(babel)             (\language22). Reported on input line 91.
Package babel Info: Hyphen rules for 'canadien' set to \l@french
(babel)             (\language22). Reported on input line 92.
\FB@nonchar=\count189
Package babel Info: Making : an active character on input line 430.
Package babel Info: Making ; an active character on input line 431.
Package babel Info: Making ! an active character on input line 432.
Package babel Info: Making ? an active character on input line 433.
\FBguill@level=\count190
\FBold@everypar=\toks15
\FB@Mht=\dimen140
\mc@charclass=\count191
\mc@charfam=\count192
\mc@charslot=\count193
\std@mcc=\count194
\dec@mcc=\count195
\listindentFB=\dimen141
\descindentFB=\dimen142
\labelindentFB=\dimen143
\labelwidthFB=\dimen144
\leftmarginFB=\dimen145
\parindentFFN=\dimen146
\FBfnindent=\dimen147
)) (C:\Users\Senec\AppData\Local\Programs\MiKTeX\tex/latex/carlisle\scalefnt.sty) (C:\Users\Senec\AppData\Local\Programs\MiKTeX\tex/latex/graphics\keyval.sty
Package: keyval 2014/10/28 v1.15 key=value parser (DPC)
\KV@toks@=\toks16
) (C:\Users\Senec\AppData\Local\Programs\MiKTeX\tex/latex/base\inputenc.sty
Package: inputenc 2020/08/01 v1.3d Input encoding file
\inpenc@prehook=\toks17
\inpenc@posthook=\toks18
 (C:\Users\Senec\AppData\Local\Programs\MiKTeX\tex/latex/ucs\utf8x.def
File: utf8x.def 2004/10/17 UCS: Input encoding UTF-8
)) (C:\Users\Senec\AppData\Local\Programs\MiKTeX\tex/latex/ucs\ucs.sty
Package: ucs 2013/05/11 v2.2 UCS: Unicode input support
 (C:\Users\Senec\AppData\Local\Programs\MiKTeX\tex/latex/ucs\uni-global.def
File: uni-global.def 2013/05/13 UCS: Unicode global data
)
\uc@secondtry=\count196
\uc@combtoks=\toks19
\uc@combtoksb=\toks20
\uc@temptokena=\toks21
) (C:\Users\Senec\AppData\Local\Programs\MiKTeX\tex/latex/base\fontenc.sty
Package: fontenc 2020/08/10 v2.0s Standard LaTeX package
LaTeX Font Info:    Trying to load font information for T1+lmr on input line 112.
 (C:\Users\Senec\AppData\Local\Programs\MiKTeX\tex/latex/lm\t1lmr.fd
File: t1lmr.fd 2009/10/30 v1.6 Font defs for Latin Modern
)) (C:\Users\Senec\AppData\Local\Programs\MiKTeX\tex/latex/geometry\geometry.sty
Package: geometry 2020/01/02 v5.9 Page Geometry
 (C:\Users\Senec\AppData\Local\Programs\MiKTeX\tex/generic/iftex\ifvtex.sty
Package: ifvtex 2019/10/25 v1.7 ifvtex legacy package. Use iftex instead.
 (C:\Users\Senec\AppData\Local\Programs\MiKTeX\tex/generic/iftex\iftex.sty
Package: iftex 2020/03/06 v1.0d TeX engine tests
))
\Gm@cnth=\count197
\Gm@cntv=\count198
\c@Gm@tempcnt=\count199
\Gm@bindingoffset=\dimen148
\Gm@wd@mp=\dimen149
\Gm@odd@mp=\dimen150
\Gm@even@mp=\dimen151
\Gm@layoutwidth=\dimen152
\Gm@layoutheight=\dimen153
\Gm@layouthoffset=\dimen154
\Gm@layoutvoffset=\dimen155
\Gm@dimlist=\toks22
 (C:\Users\Senec\AppData\Local\Programs\MiKTeX\tex/latex/geometry\geometry.cfg)) (C:\Users\Senec\AppData\Local\Programs\MiKTeX\tex/latex/amsmath\amsmath.sty
Package: amsmath 2020/09/23 v2.17i AMS math features
\@mathmargin=\skip49

For additional information on amsmath, use the `?' option.
(C:\Users\Senec\AppData\Local\Programs\MiKTeX\tex/latex/amsmath\amstext.sty
Package: amstext 2000/06/29 v2.01 AMS text
 (C:\Users\Senec\AppData\Local\Programs\MiKTeX\tex/latex/amsmath\amsgen.sty
File: amsgen.sty 1999/11/30 v2.0 generic functions
\@emptytoks=\toks23
\ex@=\dimen156
)) (C:\Users\Senec\AppData\Local\Programs\MiKTeX\tex/latex/amsmath\amsbsy.sty
Package: amsbsy 1999/11/29 v1.2d Bold Symbols
\pmbraise@=\dimen157
) (C:\Users\Senec\AppData\Local\Programs\MiKTeX\tex/latex/amsmath\amsopn.sty
Package: amsopn 2016/03/08 v2.02 operator names
)
\inf@bad=\count266
LaTeX Info: Redefining \frac on input line 234.
\uproot@=\count267
\leftroot@=\count268
LaTeX Info: Redefining \overline on input line 399.
\classnum@=\count269
\DOTSCASE@=\count270
LaTeX Info: Redefining \ldots on input line 496.
LaTeX Info: Redefining \dots on input line 499.
LaTeX Info: Redefining \cdots on input line 620.
\Mathstrutbox@=\box47
\strutbox@=\box48
\big@size=\dimen158
LaTeX Font Info:    Redeclaring font encoding OML on input line 743.
LaTeX Font Info:    Redeclaring font encoding OMS on input line 744.
\macc@depth=\count271
\c@MaxMatrixCols=\count272
\dotsspace@=\muskip16
\c@parentequation=\count273
\dspbrk@lvl=\count274
\tag@help=\toks24
\row@=\count275
\column@=\count276
\maxfields@=\count277
\andhelp@=\toks25
\eqnshift@=\dimen159
\alignsep@=\dimen160
\tagshift@=\dimen161
\tagwidth@=\dimen162
\totwidth@=\dimen163
\lineht@=\dimen164
\@envbody=\toks26
\multlinegap=\skip50
\multlinetaggap=\skip51
\mathdisplay@stack=\toks27
LaTeX Info: Redefining \[ on input line 2923.
LaTeX Info: Redefining \] on input line 2924.
) (C:\Users\Senec\AppData\Local\Programs\MiKTeX\tex/latex/graphics\graphicx.sty
Package: graphicx 2020/09/09 v1.2b Enhanced LaTeX Graphics (DPC,SPQR)
 (C:\Users\Senec\AppData\Local\Programs\MiKTeX\tex/latex/graphics\graphics.sty
Package: graphics 2020/08/30 v1.4c Standard LaTeX Graphics (DPC,SPQR)
 (C:\Users\Senec\AppData\Local\Programs\MiKTeX\tex/latex/graphics\trig.sty
Package: trig 2016/01/03 v1.10 sin cos tan (DPC)
) (C:\Users\Senec\AppData\Local\Programs\MiKTeX\tex/latex/graphics-cfg\graphics.cfg
File: graphics.cfg 2016/06/04 v1.11 sample graphics configuration
)
Package graphics Info: Driver file: pdftex.def on input line 105.
 (C:\Users\Senec\AppData\Local\Programs\MiKTeX\tex/latex/graphics-def\pdftex.def
File: pdftex.def 2020/10/05 v1.2a Graphics/color driver for pdftex
))
\Gin@req@height=\dimen165
\Gin@req@width=\dimen166
) (C:\Users\Senec\AppData\Local\Programs\MiKTeX\tex/latex/todonotes\todonotes.sty
Package: todonotes 2021/04/26 v1.1.4 Todonotes source and documentation.
Package: todonotes 2018/11/22
 (C:\Users\Senec\AppData\Local\Programs\MiKTeX\tex/latex/base\ifthen.sty
Package: ifthen 2014/09/29 v1.1c Standard LaTeX ifthen package (DPC)
) (C:\Users\Senec\AppData\Local\Programs\MiKTeX\tex/latex/xkeyval\xkeyval.sty
Package: xkeyval 2020/11/20 v2.8 package option processing (HA)
 (C:\Users\Senec\AppData\Local\Programs\MiKTeX\tex/generic/xkeyval\xkeyval.tex (C:\Users\Senec\AppData\Local\Programs\MiKTeX\tex/generic/xkeyval\xkvutils.tex
\XKV@toks=\toks28
\XKV@tempa@toks=\toks29
)
\XKV@depth=\count278
File: xkeyval.tex 2014/12/03 v2.7a key=value parser (HA)
)) (C:\Users\Senec\AppData\Local\Programs\MiKTeX\tex/latex/xcolor\xcolor.sty
Package: xcolor 2016/05/11 v2.12 LaTeX color extensions (UK)
 (C:\Users\Senec\AppData\Local\Programs\MiKTeX\tex/latex/graphics-cfg\color.cfg
File: color.cfg 2016/01/02 v1.6 sample color configuration
)
Package xcolor Info: Driver file: pdftex.def on input line 225.
Package xcolor Info: Model `cmy' substituted by `cmy0' on input line 1348.
Package xcolor Info: Model `hsb' substituted by `rgb' on input line 1352.
Package xcolor Info: Model `RGB' extended on input line 1364.
Package xcolor Info: Model `HTML' substituted by `rgb' on input line 1366.
Package xcolor Info: Model `Hsb' substituted by `hsb' on input line 1367.
Package xcolor Info: Model `tHsb' substituted by `hsb' on input line 1368.
Package xcolor Info: Model `HSB' substituted by `hsb' on input line 1369.
Package xcolor Info: Model `Gray' substituted by `gray' on input line 1370.
Package xcolor Info: Model `wave' substituted by `hsb' on input line 1371.
) (C:\Users\Senec\AppData\Local\Programs\MiKTeX\tex/latex/pgf/frontendlayer\tikz.sty (C:\Users\Senec\AppData\Local\Programs\MiKTeX\tex/latex/pgf/basiclayer\pgf.sty (C:\Users\Senec\AppData\Local\Programs\MiKTeX\tex/latex/pgf/utilities\pgfrcs.sty (C:\Users\Senec\AppData\Local\Programs\MiKTeX\tex/generic/pgf/utilities\pgfutil-common.tex
\pgfutil@everybye=\toks30
\pgfutil@tempdima=\dimen167
\pgfutil@tempdimb=\dimen168
 (C:\Users\Senec\AppData\Local\Programs\MiKTeX\tex/generic/pgf/utilities\pgfutil-common-lists.tex)) (C:\Users\Senec\AppData\Local\Programs\MiKTeX\tex/generic/pgf/utilities\pgfutil-latex.def
\pgfutil@abb=\box49
) (C:\Users\Senec\AppData\Local\Programs\MiKTeX\tex/generic/pgf/utilities\pgfrcs.code.tex (C:\Users\Senec\AppData\Local\Programs\MiKTeX\tex/generic/pgf\pgf.revision.tex)
Package: pgfrcs 2021/05/15 v3.1.9a (3.1.9a)
))
Package: pgf 2021/05/15 v3.1.9a (3.1.9a)
 (C:\Users\Senec\AppData\Local\Programs\MiKTeX\tex/latex/pgf/basiclayer\pgfcore.sty (C:\Users\Senec\AppData\Local\Programs\MiKTeX\tex/latex/pgf/systemlayer\pgfsys.sty (C:\Users\Senec\AppData\Local\Programs\MiKTeX\tex/generic/pgf/systemlayer\pgfsys.code.tex
Package: pgfsys 2021/05/15 v3.1.9a (3.1.9a)
 (C:\Users\Senec\AppData\Local\Programs\MiKTeX\tex/generic/pgf/utilities\pgfkeys.code.tex
\pgfkeys@pathtoks=\toks31
\pgfkeys@temptoks=\toks32
 (C:\Users\Senec\AppData\Local\Programs\MiKTeX\tex/generic/pgf/utilities\pgfkeysfiltered.code.tex
\pgfkeys@tmptoks=\toks33
))
\pgf@x=\dimen169
\pgf@y=\dimen170
\pgf@xa=\dimen171
\pgf@ya=\dimen172
\pgf@xb=\dimen173
\pgf@yb=\dimen174
\pgf@xc=\dimen175
\pgf@yc=\dimen176
\pgf@xd=\dimen177
\pgf@yd=\dimen178
\w@pgf@writea=\write3
\r@pgf@reada=\read3
\c@pgf@counta=\count279
\c@pgf@countb=\count280
\c@pgf@countc=\count281
\c@pgf@countd=\count282
\t@pgf@toka=\toks34
\t@pgf@tokb=\toks35
\t@pgf@tokc=\toks36
\pgf@sys@id@count=\count283
 (C:\Users\Senec\AppData\Local\Programs\MiKTeX\tex/generic/pgf/systemlayer\pgf.cfg
File: pgf.cfg 2021/05/15 v3.1.9a (3.1.9a)
)
Driver file for pgf: pgfsys-pdftex.def
 (C:\Users\Senec\AppData\Local\Programs\MiKTeX\tex/generic/pgf/systemlayer\pgfsys-pdftex.def
File: pgfsys-pdftex.def 2021/05/15 v3.1.9a (3.1.9a)
 (C:\Users\Senec\AppData\Local\Programs\MiKTeX\tex/generic/pgf/systemlayer\pgfsys-common-pdf.def
File: pgfsys-common-pdf.def 2021/05/15 v3.1.9a (3.1.9a)
))) (C:\Users\Senec\AppData\Local\Programs\MiKTeX\tex/generic/pgf/systemlayer\pgfsyssoftpath.code.tex
File: pgfsyssoftpath.code.tex 2021/05/15 v3.1.9a (3.1.9a)
\pgfsyssoftpath@smallbuffer@items=\count284
\pgfsyssoftpath@bigbuffer@items=\count285
) (C:\Users\Senec\AppData\Local\Programs\MiKTeX\tex/generic/pgf/systemlayer\pgfsysprotocol.code.tex
File: pgfsysprotocol.code.tex 2021/05/15 v3.1.9a (3.1.9a)
)) (C:\Users\Senec\AppData\Local\Programs\MiKTeX\tex/generic/pgf/basiclayer\pgfcore.code.tex
Package: pgfcore 2021/05/15 v3.1.9a (3.1.9a)
 (C:\Users\Senec\AppData\Local\Programs\MiKTeX\tex/generic/pgf/math\pgfmath.code.tex (C:\Users\Senec\AppData\Local\Programs\MiKTeX\tex/generic/pgf/math\pgfmathcalc.code.tex (C:\Users\Senec\AppData\Local\Programs\MiKTeX\tex/generic/pgf/math\pgfmathutil.code.tex) (C:\Users\Senec\AppData\Local\Programs\MiKTeX\tex/generic/pgf/math\pgfmathparser.code.tex
\pgfmath@dimen=\dimen179
\pgfmath@count=\count286
\pgfmath@box=\box50
\pgfmath@toks=\toks37
\pgfmath@stack@operand=\toks38
\pgfmath@stack@operation=\toks39
) (C:\Users\Senec\AppData\Local\Programs\MiKTeX\tex/generic/pgf/math\pgfmathfunctions.code.tex (C:\Users\Senec\AppData\Local\Programs\MiKTeX\tex/generic/pgf/math\pgfmathfunctions.basic.code.tex) (C:\Users\Senec\AppData\Local\Programs\MiKTeX\tex/generic/pgf/math\pgfmathfunctions.trigonometric.code.tex) (C:\Users\Senec\AppData\Local\Programs\MiKTeX\tex/generic/pgf/math\pgfmathfunctions.random.code.tex) (C:\Users\Senec\AppData\Local\Programs\MiKTeX\tex/generic/pgf/math\pgfmathfunctions.comparison.code.tex) (C:\Users\Senec\AppData\Local\Programs\MiKTeX\tex/generic/pgf/math\pgfmathfunctions.base.code.tex) (C:\Users\Senec\AppData\Local\Programs\MiKTeX\tex/generic/pgf/math\pgfmathfunctions.round.code.tex) (C:\Users\Senec\AppData\Local\Programs\MiKTeX\tex/generic/pgf/math\pgfmathfunctions.misc.code.tex) (C:\Users\Senec\AppData\Local\Programs\MiKTeX\tex/generic/pgf/math\pgfmathfunctions.integerarithmetics.code.tex))) (C:\Users\Senec\AppData\Local\Programs\MiKTeX\tex/generic/pgf/math\pgfmathfloat.code.tex
\c@pgfmathroundto@lastzeros=\count287
)) (C:\Users\Senec\AppData\Local\Programs\MiKTeX\tex/generic/pgf/math\pgfint.code.tex) (C:\Users\Senec\AppData\Local\Programs\MiKTeX\tex/generic/pgf/basiclayer\pgfcorepoints.code.tex
File: pgfcorepoints.code.tex 2021/05/15 v3.1.9a (3.1.9a)
\pgf@picminx=\dimen180
\pgf@picmaxx=\dimen181
\pgf@picminy=\dimen182
\pgf@picmaxy=\dimen183
\pgf@pathminx=\dimen184
\pgf@pathmaxx=\dimen185
\pgf@pathminy=\dimen186
\pgf@pathmaxy=\dimen187
\pgf@xx=\dimen188
\pgf@xy=\dimen189
\pgf@yx=\dimen190
\pgf@yy=\dimen191
\pgf@zx=\dimen192
\pgf@zy=\dimen193
) (C:\Users\Senec\AppData\Local\Programs\MiKTeX\tex/generic/pgf/basiclayer\pgfcorepathconstruct.code.tex
File: pgfcorepathconstruct.code.tex 2021/05/15 v3.1.9a (3.1.9a)
\pgf@path@lastx=\dimen194
\pgf@path@lasty=\dimen195
) (C:\Users\Senec\AppData\Local\Programs\MiKTeX\tex/generic/pgf/basiclayer\pgfcorepathusage.code.tex
File: pgfcorepathusage.code.tex 2021/05/15 v3.1.9a (3.1.9a)
\pgf@shorten@end@additional=\dimen196
\pgf@shorten@start@additional=\dimen197
) (C:\Users\Senec\AppData\Local\Programs\MiKTeX\tex/generic/pgf/basiclayer\pgfcorescopes.code.tex
File: pgfcorescopes.code.tex 2021/05/15 v3.1.9a (3.1.9a)
\pgfpic=\box51
\pgf@hbox=\box52
\pgf@layerbox@main=\box53
\pgf@picture@serial@count=\count288
) (C:\Users\Senec\AppData\Local\Programs\MiKTeX\tex/generic/pgf/basiclayer\pgfcoregraphicstate.code.tex
File: pgfcoregraphicstate.code.tex 2021/05/15 v3.1.9a (3.1.9a)
\pgflinewidth=\dimen198
) (C:\Users\Senec\AppData\Local\Programs\MiKTeX\tex/generic/pgf/basiclayer\pgfcoretransformations.code.tex
File: pgfcoretransformations.code.tex 2021/05/15 v3.1.9a (3.1.9a)
\pgf@pt@x=\dimen199
\pgf@pt@y=\dimen256
\pgf@pt@temp=\dimen257
) (C:\Users\Senec\AppData\Local\Programs\MiKTeX\tex/generic/pgf/basiclayer\pgfcorequick.code.tex
File: pgfcorequick.code.tex 2021/05/15 v3.1.9a (3.1.9a)
) (C:\Users\Senec\AppData\Local\Programs\MiKTeX\tex/generic/pgf/basiclayer\pgfcoreobjects.code.tex
File: pgfcoreobjects.code.tex 2021/05/15 v3.1.9a (3.1.9a)
) (C:\Users\Senec\AppData\Local\Programs\MiKTeX\tex/generic/pgf/basiclayer\pgfcorepathprocessing.code.tex
File: pgfcorepathprocessing.code.tex 2021/05/15 v3.1.9a (3.1.9a)
) (C:\Users\Senec\AppData\Local\Programs\MiKTeX\tex/generic/pgf/basiclayer\pgfcorearrows.code.tex
File: pgfcorearrows.code.tex 2021/05/15 v3.1.9a (3.1.9a)
\pgfarrowsep=\dimen258
) (C:\Users\Senec\AppData\Local\Programs\MiKTeX\tex/generic/pgf/basiclayer\pgfcoreshade.code.tex
File: pgfcoreshade.code.tex 2021/05/15 v3.1.9a (3.1.9a)
\pgf@max=\dimen259
\pgf@sys@shading@range@num=\count289
\pgf@shadingcount=\count290
) (C:\Users\Senec\AppData\Local\Programs\MiKTeX\tex/generic/pgf/basiclayer\pgfcoreimage.code.tex
File: pgfcoreimage.code.tex 2021/05/15 v3.1.9a (3.1.9a)
 (C:\Users\Senec\AppData\Local\Programs\MiKTeX\tex/generic/pgf/basiclayer\pgfcoreexternal.code.tex
File: pgfcoreexternal.code.tex 2021/05/15 v3.1.9a (3.1.9a)
\pgfexternal@startupbox=\box54
)) (C:\Users\Senec\AppData\Local\Programs\MiKTeX\tex/generic/pgf/basiclayer\pgfcorelayers.code.tex
File: pgfcorelayers.code.tex 2021/05/15 v3.1.9a (3.1.9a)
) (C:\Users\Senec\AppData\Local\Programs\MiKTeX\tex/generic/pgf/basiclayer\pgfcoretransparency.code.tex
File: pgfcoretransparency.code.tex 2021/05/15 v3.1.9a (3.1.9a)
) (C:\Users\Senec\AppData\Local\Programs\MiKTeX\tex/generic/pgf/basiclayer\pgfcorepatterns.code.tex
File: pgfcorepatterns.code.tex 2021/05/15 v3.1.9a (3.1.9a)
) (C:\Users\Senec\AppData\Local\Programs\MiKTeX\tex/generic/pgf/basiclayer\pgfcorerdf.code.tex
File: pgfcorerdf.code.tex 2021/05/15 v3.1.9a (3.1.9a)
))) (C:\Users\Senec\AppData\Local\Programs\MiKTeX\tex/generic/pgf/modules\pgfmoduleshapes.code.tex
File: pgfmoduleshapes.code.tex 2021/05/15 v3.1.9a (3.1.9a)
\pgfnodeparttextbox=\box55
) (C:\Users\Senec\AppData\Local\Programs\MiKTeX\tex/generic/pgf/modules\pgfmoduleplot.code.tex
File: pgfmoduleplot.code.tex 2021/05/15 v3.1.9a (3.1.9a)
) (C:\Users\Senec\AppData\Local\Programs\MiKTeX\tex/latex/pgf/compatibility\pgfcomp-version-0-65.sty
Package: pgfcomp-version-0-65 2021/05/15 v3.1.9a (3.1.9a)
\pgf@nodesepstart=\dimen260
\pgf@nodesepend=\dimen261
) (C:\Users\Senec\AppData\Local\Programs\MiKTeX\tex/latex/pgf/compatibility\pgfcomp-version-1-18.sty
Package: pgfcomp-version-1-18 2021/05/15 v3.1.9a (3.1.9a)
)) (C:\Users\Senec\AppData\Local\Programs\MiKTeX\tex/latex/pgf/utilities\pgffor.sty (C:\Users\Senec\AppData\Local\Programs\MiKTeX\tex/latex/pgf/utilities\pgfkeys.sty (C:\Users\Senec\AppData\Local\Programs\MiKTeX\tex/generic/pgf/utilities\pgfkeys.code.tex)) (C:\Users\Senec\AppData\Local\Programs\MiKTeX\tex/latex/pgf/math\pgfmath.sty (C:\Users\Senec\AppData\Local\Programs\MiKTeX\tex/generic/pgf/math\pgfmath.code.tex)) (C:\Users\Senec\AppData\Local\Programs\MiKTeX\tex/generic/pgf/utilities\pgffor.code.tex
Package: pgffor 2021/05/15 v3.1.9a (3.1.9a)
 (C:\Users\Senec\AppData\Local\Programs\MiKTeX\tex/generic/pgf/math\pgfmath.code.tex)
\pgffor@iter=\dimen262
\pgffor@skip=\dimen263
\pgffor@stack=\toks40
\pgffor@toks=\toks41
)) (C:\Users\Senec\AppData\Local\Programs\MiKTeX\tex/generic/pgf/frontendlayer/tikz\tikz.code.tex
Package: tikz 2021/05/15 v3.1.9a (3.1.9a)
 (C:\Users\Senec\AppData\Local\Programs\MiKTeX\tex/generic/pgf/libraries\pgflibraryplothandlers.code.tex
File: pgflibraryplothandlers.code.tex 2021/05/15 v3.1.9a (3.1.9a)
\pgf@plot@mark@count=\count291
\pgfplotmarksize=\dimen264
)
\tikz@lastx=\dimen265
\tikz@lasty=\dimen266
\tikz@lastxsaved=\dimen267
\tikz@lastysaved=\dimen268
\tikz@lastmovetox=\dimen269
\tikz@lastmovetoy=\dimen270
\tikzleveldistance=\dimen271
\tikzsiblingdistance=\dimen272
\tikz@figbox=\box56
\tikz@figbox@bg=\box57
\tikz@tempbox=\box58
\tikz@tempbox@bg=\box59
\tikztreelevel=\count292
\tikznumberofchildren=\count293
\tikznumberofcurrentchild=\count294
\tikz@fig@count=\count295
 (C:\Users\Senec\AppData\Local\Programs\MiKTeX\tex/generic/pgf/modules\pgfmodulematrix.code.tex
File: pgfmodulematrix.code.tex 2021/05/15 v3.1.9a (3.1.9a)
\pgfmatrixcurrentrow=\count296
\pgfmatrixcurrentcolumn=\count297
\pgf@matrix@numberofcolumns=\count298
)
\tikz@expandcount=\count299
 (C:\Users\Senec\AppData\Local\Programs\MiKTeX\tex/generic/pgf/frontendlayer/tikz/libraries\tikzlibrarytopaths.code.tex
File: tikzlibrarytopaths.code.tex 2021/05/15 v3.1.9a (3.1.9a)
))) (C:\Users\Senec\AppData\Local\Programs\MiKTeX\tex/generic/pgf/frontendlayer/tikz/libraries\tikzlibrarypositioning.code.tex
File: tikzlibrarypositioning.code.tex 2021/05/15 v3.1.9a (3.1.9a)
) (C:\Users\Senec\AppData\Local\Programs\MiKTeX\tex/latex/latex-tools\calc.sty
Package: calc 2017/05/25 v4.3 Infix arithmetic (KKT,FJ)
\calc@Acount=\count300
\calc@Bcount=\count301
\calc@Adimen=\dimen273
\calc@Bdimen=\dimen274
\calc@Askip=\skip52
\calc@Bskip=\skip53
LaTeX Info: Redefining \setlength on input line 80.
LaTeX Info: Redefining \addtolength on input line 81.
\calc@Ccount=\count302
\calc@Cskip=\skip54
)
\c@@todonotes@numberoftodonotes=\count303
) (C:\Users\Senec\AppData\Local\Programs\MiKTeX\tex/latex/hyperref\hyperref.sty
Package: hyperref 2021-02-27 v7.00k Hypertext links for LaTeX
 (C:\Users\Senec\AppData\Local\Programs\MiKTeX\tex/generic/ltxcmds\ltxcmds.sty
Package: ltxcmds 2020-05-10 v1.25 LaTeX kernel commands for general use (HO)
) (C:\Users\Senec\AppData\Local\Programs\MiKTeX\tex/generic/pdftexcmds\pdftexcmds.sty
Package: pdftexcmds 2020-06-27 v0.33 Utility functions of pdfTeX for LuaTeX (HO)
 (C:\Users\Senec\AppData\Local\Programs\MiKTeX\tex/generic/infwarerr\infwarerr.sty
Package: infwarerr 2019/12/03 v1.5 Providing info/warning/error messages (HO)
)
Package pdftexcmds Info: \pdf@primitive is available.
Package pdftexcmds Info: \pdf@ifprimitive is available.
Package pdftexcmds Info: \pdfdraftmode found.
) (C:\Users\Senec\AppData\Local\Programs\MiKTeX\tex/generic/kvsetkeys\kvsetkeys.sty
Package: kvsetkeys 2019/12/15 v1.18 Key value parser (HO)
) (C:\Users\Senec\AppData\Local\Programs\MiKTeX\tex/generic/kvdefinekeys\kvdefinekeys.sty
Package: kvdefinekeys 2019-12-19 v1.6 Define keys (HO)
) (C:\Users\Senec\AppData\Local\Programs\MiKTeX\tex/generic/pdfescape\pdfescape.sty
Package: pdfescape 2019/12/09 v1.15 Implements pdfTeX's escape features (HO)
) (C:\Users\Senec\AppData\Local\Programs\MiKTeX\tex/latex/hycolor\hycolor.sty
Package: hycolor 2020-01-27 v1.10 Color options for hyperref/bookmark (HO)
) (C:\Users\Senec\AppData\Local\Programs\MiKTeX\tex/latex/letltxmacro\letltxmacro.sty
Package: letltxmacro 2019/12/03 v1.6 Let assignment for LaTeX macros (HO)
) (C:\Users\Senec\AppData\Local\Programs\MiKTeX\tex/latex/auxhook\auxhook.sty
Package: auxhook 2019-12-17 v1.6 Hooks for auxiliary files (HO)
) (C:\Users\Senec\AppData\Local\Programs\MiKTeX\tex/latex/kvoptions\kvoptions.sty
Package: kvoptions 2020-10-07 v3.14 Key value format for package options (HO)
)
\@linkdim=\dimen275
\Hy@linkcounter=\count304
\Hy@pagecounter=\count305
 (C:\Users\Senec\AppData\Local\Programs\MiKTeX\tex/latex/hyperref\pd1enc.def
File: pd1enc.def 2021-02-27 v7.00k Hyperref: PDFDocEncoding definition (HO)
) (C:\Users\Senec\AppData\Local\Programs\MiKTeX\tex/latex/hyperref\hyperref-langpatches.def
File: hyperref-langpatches.def 2021-02-27 v7.00k Hyperref: patches for babel languages
) (C:\Users\Senec\AppData\Local\Programs\MiKTeX\tex/generic/intcalc\intcalc.sty
Package: intcalc 2019/12/15 v1.3 Expandable calculations with integers (HO)
) (C:\Users\Senec\AppData\Local\Programs\MiKTeX\tex/generic/etexcmds\etexcmds.sty
Package: etexcmds 2019/12/15 v1.7 Avoid name clashes with e-TeX commands (HO)
)
\Hy@SavedSpaceFactor=\count306
 (C:\Users\Senec\AppData\Local\Programs\MiKTeX\tex/latex/hyperref\puenc.def
File: puenc.def 2021-02-27 v7.00k Hyperref: PDF Unicode definition (HO)
)
Package hyperref Info: Option `colorlinks' set `true' on input line 4073.
Package hyperref Info: Hyper figures OFF on input line 4192.
Package hyperref Info: Link nesting OFF on input line 4197.
Package hyperref Info: Hyper index ON on input line 4200.
Package hyperref Info: Plain pages OFF on input line 4207.
Package hyperref Info: Backreferencing OFF on input line 4212.
Package hyperref Info: Implicit mode ON; LaTeX internals redefined.
Package hyperref Info: Bookmarks ON on input line 4445.
\c@Hy@tempcnt=\count307
 (C:\Users\Senec\AppData\Local\Programs\MiKTeX\tex/latex/url\url.sty
\Urlmuskip=\muskip17
Package: url 2013/09/16  ver 3.4  Verb mode for urls, etc.
)
LaTeX Info: Redefining \url on input line 4804.
\XeTeXLinkMargin=\dimen276
 (C:\Users\Senec\AppData\Local\Programs\MiKTeX\tex/generic/bitset\bitset.sty
Package: bitset 2019/12/09 v1.3 Handle bit-vector datatype (HO)
 (C:\Users\Senec\AppData\Local\Programs\MiKTeX\tex/generic/bigintcalc\bigintcalc.sty
Package: bigintcalc 2019/12/15 v1.5 Expandable calculations on big integers (HO)
))
\Fld@menulength=\count308
\Field@Width=\dimen277
\Fld@charsize=\dimen278
Package hyperref Info: Hyper figures OFF on input line 6075.
Package hyperref Info: Link nesting OFF on input line 6080.
Package hyperref Info: Hyper index ON on input line 6083.
Package hyperref Info: backreferencing OFF on input line 6090.
Package hyperref Info: Link coloring ON on input line 6093.
Package hyperref Info: Link coloring with OCG OFF on input line 6100.
Package hyperref Info: PDF/A mode OFF on input line 6105.
LaTeX Info: Redefining \ref on input line 6145.
LaTeX Info: Redefining \pageref on input line 6149.
 (C:\Users\Senec\AppData\Local\Programs\MiKTeX\tex/latex/base\atbegshi-ltx.sty
Package: atbegshi-ltx 2020/08/17 v1.0a Emulation of the original atbegshi package
with kernel methods
)
\Hy@abspage=\count309
\c@Item=\count310
\c@Hfootnote=\count311
)
Package hyperref Info: Driver (autodetected): hpdftex.
 (C:\Users\Senec\AppData\Local\Programs\MiKTeX\tex/latex/hyperref\hpdftex.def
File: hpdftex.def 2021-02-27 v7.00k Hyperref driver for pdfTeX
 (C:\Users\Senec\AppData\Local\Programs\MiKTeX\tex/latex/base\atveryend-ltx.sty
Package: atveryend-ltx 2020/08/19 v1.0a Emulation of the original atvery package
with kernel methods
)
\Fld@listcount=\count312
\c@bookmark@seq@number=\count313
 (C:\Users\Senec\AppData\Local\Programs\MiKTeX\tex/latex/rerunfilecheck\rerunfilecheck.sty
Package: rerunfilecheck 2019/12/05 v1.9 Rerun checks for auxiliary files (HO)
 (C:\Users\Senec\AppData\Local\Programs\MiKTeX\tex/generic/uniquecounter\uniquecounter.sty
Package: uniquecounter 2019/12/15 v1.4 Provide unlimited unique counter (HO)
)
Package uniquecounter Info: New unique counter `rerunfilecheck' on input line 286.
)
\Hy@SectionHShift=\skip55
) (C:\Users\Senec\AppData\Local\Programs\MiKTeX\tex/latex/fourier\fourier-orns.sty
Package: fourier-orns 2020/03/03 2.2 fourier-ornaments package
) (C:\Users\Senec\AppData\Local\Programs\MiKTeX\tex/latex/titlesec\titlesec.sty
Package: titlesec 2019/10/16 v2.13 Sectioning titles
\ttl@box=\box60
\beforetitleunit=\skip56
\aftertitleunit=\skip57
\ttl@plus=\dimen279
\ttl@minus=\dimen280
\ttl@toksa=\toks42
\titlewidth=\dimen281
\titlewidthlast=\dimen282
\titlewidthfirst=\dimen283
) (C:\Users\Senec\AppData\Local\Programs\MiKTeX\tex/latex/fancyhdr\fancyhdr.sty
Package: fancyhdr 2021/01/28 v4.0.1 Extensive control of page headers and footers
\f@nch@headwidth=\skip58
\f@nch@O@elh=\skip59
\f@nch@O@erh=\skip60
\f@nch@O@olh=\skip61
\f@nch@O@orh=\skip62
\f@nch@O@elf=\skip63
\f@nch@O@erf=\skip64
\f@nch@O@olf=\skip65
\f@nch@O@orf=\skip66
) (C:\Users\Senec\AppData\Local\Programs\MiKTeX\tex/latex/fancyvrb\fancyvrb.sty
Package: fancyvrb 2021/01/20 v3.7 verbatim text (tvz,hv)
\FV@CodeLineNo=\count314
\FV@InFile=\read4
\FV@TabBox=\box61
\c@FancyVerbLine=\count315
\FV@StepNumber=\count316
\FV@OutFile=\write4
)
(C:\Users\Senec\AppData\Local\Programs\MiKTeX\tex/generic/pgf/frontendlayer/tikz/libraries\tikzlibrarycalc.code.tex
File: tikzlibrarycalc.code.tex 2021/05/15 v3.1.9a (3.1.9a)
) (C:\Users\Senec\AppData\Local\Programs\MiKTeX\tex/generic/pgf/frontendlayer/tikz/libraries\tikzlibraryarrows.code.tex
File: tikzlibraryarrows.code.tex 2021/05/15 v3.1.9a (3.1.9a)
 (C:\Users\Senec\AppData\Local\Programs\MiKTeX\tex/generic/pgf/libraries\pgflibraryarrows.code.tex
File: pgflibraryarrows.code.tex 2021/05/15 v3.1.9a (3.1.9a)
\arrowsize=\dimen284
)) (C:\Users\Senec\AppData\Local\Programs\MiKTeX\tex/latex/libertine\libertine.sty
Package: libertine 2020/03/26 (Bob Tennent) Supports Libertine and Biolinum fonts for all LaTeX engines.
 (C:\Users\Senec\AppData\Local\Programs\MiKTeX\tex/generic/iftex\ifxetex.sty
Package: ifxetex 2019/10/25 v0.7 ifxetex legacy package. Use iftex instead.
) (C:\Users\Senec\AppData\Local\Programs\MiKTeX\tex/generic/iftex\ifluatex.sty
Package: ifluatex 2019/10/25 v1.5 ifluatex legacy package. Use iftex instead.
) (C:\Users\Senec\AppData\Local\Programs\MiKTeX\tex/latex/base\textcomp.sty
Package: textcomp 2020/02/02 v2.0n Standard LaTeX package
) (C:\Users\Senec\AppData\Local\Programs\MiKTeX\tex/latex/base\fontenc.sty
Package: fontenc 2020/08/10 v2.0s Standard LaTeX package
) (C:\Users\Senec\AppData\Local\Programs\MiKTeX\tex/latex/fontaxes\fontaxes.sty
Package: fontaxes 2020/07/21 v1.0e Font selection axes
LaTeX Info: Redefining \upshape on input line 29.
LaTeX Info: Redefining \itshape on input line 31.
LaTeX Info: Redefining \slshape on input line 33.
LaTeX Info: Redefining \swshape on input line 35.
LaTeX Info: Redefining \scshape on input line 37.
LaTeX Info: Redefining \sscshape on input line 39.
LaTeX Info: Redefining \ulcshape on input line 41.
LaTeX Info: Redefining \textsw on input line 47.
LaTeX Info: Redefining \textssc on input line 48.
LaTeX Info: Redefining \textulc on input line 49.
)
LaTeX Info: Redefining \oldstylenums on input line 484.
 (C:\Users\Senec\AppData\Local\Programs\MiKTeX\tex/latex/libertine\LinLibertine_I.tex)) (C:\Users\Senec\AppData\Local\Programs\MiKTeX\tex/latex/eso-pic\eso-pic.sty
Package: eso-pic 2020/10/14 v3.0a eso-pic (RN)
\ESO@tempdima=\dimen285
\ESO@tempdimb=\dimen286
) (C:\Users\Senec\AppData\Local\Programs\MiKTeX\tex/latex/float\float.sty
Package: float 2001/11/08 v1.3d Float enhancements (AL)
\c@float@type=\count317
\float@exts=\toks43
\float@box=\box62
\@float@everytoks=\toks44
\@floatcapt=\box63
)
LaTeX Font Info:    Trying to load font information for T1+LinuxLibertineT-TLF on input line 69.
 (C:\Users\Senec\AppData\Local\Programs\MiKTeX\tex/latex/libertine\t1linuxlibertinet-tlf.fd
File: T1LinuxLibertineT-TLF.fd 2017/03/20 (autoinst) Font definitions for T1/LinuxLibertineT-TLF.
)
LaTeX Font Info:    Font shape `T1/LinuxLibertineT-TLF/m/n' will be
(Font)              scaled to size 10.0pt on input line 69.
 (C:\Users\Senec\AppData\Local\Programs\MiKTeX\tex/latex/l3backend\l3backend-pdftex.def
File: l3backend-pdftex.def 2021-05-07 L3 backend support: PDF output (pdfTeX)
\l__color_backend_stack_int=\count318
\l__pdf_internal_box=\box64
) (rapport.aux)
\openout1 = `rapport.aux'.

LaTeX Font Info:    Checking defaults for OML/cmm/m/it on input line 69.
LaTeX Font Info:    ... okay on input line 69.
LaTeX Font Info:    Checking defaults for OMS/cmsy/m/n on input line 69.
LaTeX Font Info:    ... okay on input line 69.
LaTeX Font Info:    Checking defaults for OT1/cmr/m/n on input line 69.
LaTeX Font Info:    ... okay on input line 69.
LaTeX Font Info:    Checking defaults for T1/cmr/m/n on input line 69.
LaTeX Font Info:    ... okay on input line 69.
LaTeX Font Info:    Checking defaults for TS1/cmr/m/n on input line 69.
LaTeX Font Info:    ... okay on input line 69.
LaTeX Font Info:    Checking defaults for OMX/cmex/m/n on input line 69.
LaTeX Font Info:    ... okay on input line 69.
LaTeX Font Info:    Checking defaults for U/cmr/m/n on input line 69.
LaTeX Font Info:    ... okay on input line 69.
LaTeX Font Info:    Checking defaults for PD1/pdf/m/n on input line 69.
LaTeX Font Info:    ... okay on input line 69.
LaTeX Font Info:    Checking defaults for PU/pdf/m/n on input line 69.
LaTeX Font Info:    ... okay on input line 69.
LaTeX Info: Redefining \degres on input line 69.
LaTeX Info: Redefining \dots on input line 69.
LaTeX Info: Redefining \up on input line 69.
 (C:\Users\Senec\AppData\Local\Programs\MiKTeX\tex/latex/ucs\ucsencs.def
File: ucsencs.def 2011/01/21 Fixes to fontencodings LGR, T3
)
*geometry* driver: auto-detecting
*geometry* detected driver: pdftex
*geometry* verbose mode - [ preamble ] result:
* driver: pdftex
* paper: a4paper
* layout: <same size as paper>
* layoutoffset:(h,v)=(0.0pt,0.0pt)
* modes: 
* h-part:(L,W,R)=(56.9055pt, 483.69687pt, 56.9055pt)
* v-part:(T,H,B)=(85.35826pt, 674.33032pt, 85.35826pt)
* \paperwidth=597.50787pt
* \paperheight=845.04684pt
* \textwidth=483.69687pt
* \textheight=674.33032pt
* \oddsidemargin=-15.36449pt
* \evensidemargin=-15.36449pt
* \topmargin=-23.91173pt
* \headheight=12.0pt
* \headsep=25.0pt
* \topskip=10.0pt
* \footskip=30.0pt
* \marginparwidth=56.9055pt
* \marginparsep=11.0pt
* \columnsep=10.0pt
* \skip\footins=9.0pt plus 4.0pt minus 2.0pt
* \hoffset=0.0pt
* \voffset=0.0pt
* \mag=1000
* \@twocolumnfalse
* \@twosidefalse
* \@mparswitchfalse
* \@reversemarginfalse
* (1in=72.27pt=25.4mm, 1cm=28.453pt)

(C:\Users\Senec\AppData\Local\Programs\MiKTeX\tex/context/base/mkii\supp-pdf.mkii
[Loading MPS to PDF converter (version 2006.09.02).]
\scratchcounter=\count319
\scratchdimen=\dimen287
\scratchbox=\box65
\nofMPsegments=\count320
\nofMParguments=\count321
\everyMPshowfont=\toks45
\MPscratchCnt=\count322
\MPscratchDim=\dimen288
\MPnumerator=\count323
\makeMPintoPDFobject=\count324
\everyMPtoPDFconversion=\toks46
) (C:\Users\Senec\AppData\Local\Programs\MiKTeX\tex/latex/epstopdf-pkg\epstopdf-base.sty
Package: epstopdf-base 2020-01-24 v2.11 Base part for package epstopdf
Package epstopdf-base Info: Redefining graphics rule for `.eps' on input line 485.
 (C:\Users\Senec\AppData\Local\Programs\MiKTeX\tex/latex/00miktex\epstopdf-sys.cfg
File: epstopdf-sys.cfg 2021/03/18 v2.0 Configuration of epstopdf for MiKTeX
))
Package hyperref Info: Link coloring ON on input line 69.
 (C:\Users\Senec\AppData\Local\Programs\MiKTeX\tex/latex/hyperref\nameref.sty
Package: nameref 2021-04-02 v2.47 Cross-referencing by name of section
 (C:\Users\Senec\AppData\Local\Programs\MiKTeX\tex/latex/refcount\refcount.sty
Package: refcount 2019/12/15 v3.6 Data extraction from label references (HO)
) (C:\Users\Senec\AppData\Local\Programs\MiKTeX\tex/generic/gettitlestring\gettitlestring.sty
Package: gettitlestring 2019/12/15 v1.6 Cleanup title references (HO)
)
\c@section@level=\count325
)
LaTeX Info: Redefining \ref on input line 69.
LaTeX Info: Redefining \pageref on input line 69.
LaTeX Info: Redefining \nameref on input line 69.
 (rapport.out) (rapport.out)
\@outlinefile=\write5
\openout5 = `rapport.out'.

\c@mv@tabular=\count326
\c@mv@boldtabular=\count327
LaTeX Font Info:    Trying to load font information for T1+LinuxBiolinumT-TLF on input line 93.
 (C:\Users\Senec\AppData\Local\Programs\MiKTeX\tex/latex/libertine\t1linuxbiolinumt-tlf.fd
File: T1LinuxBiolinumT-TLF.fd 2017/03/20 (autoinst) Font definitions for T1/LinuxBiolinumT-TLF.
)
LaTeX Font Info:    Font shape `T1/LinuxBiolinumT-TLF/m/n' will be
(Font)              scaled to size 10.0pt on input line 93.
<images/LogoHenallux.PNG, id=74, 703.62875pt x 798.985pt>
File: images/LogoHenallux.PNG Graphic file (type png)
<use images/LogoHenallux.PNG>
Package pdftex.def Info: images/LogoHenallux.PNG  used on input line 97.
(pdftex.def)             Requested size: 142.26378pt x 161.53755pt.
LaTeX Font Info:    Font shape `T1/LinuxBiolinumT-TLF/m/sc' will be
(Font)              scaled to size 10.0pt on input line 98.
LaTeX Font Info:    Font shape `T1/LinuxBiolinumT-TLF/m/sc' will be
(Font)              scaled to size 14.4pt on input line 98.
 (C:\Users\Senec\AppData\Local\Programs\MiKTeX\tex/latex/ucs\uni-0.def
File: uni-0.def 2013/05/13 UCS: Unicode data U+0000..U+00FF
)
LaTeX Font Info:    Font shape `T1/LinuxBiolinumT-TLF/m/n' will be
(Font)              scaled to size 20.74pt on input line 101.
LaTeX Font Info:    Font shape `T1/LinuxBiolinumT-TLF/b/n' will be
(Font)              scaled to size 20.74pt on input line 101.
LaTeX Font Info:    Font shape `T1/LinuxBiolinumT-TLF/m/n' will be
(Font)              scaled to size 12.0pt on input line 105.
LaTeX Font Info:    Trying to load font information for OT1+lmr on input line 110.
 (C:\Users\Senec\AppData\Local\Programs\MiKTeX\tex/latex/lm\ot1lmr.fd
File: ot1lmr.fd 2009/10/30 v1.6 Font defs for Latin Modern
)
LaTeX Font Info:    Trying to load font information for OML+lmm on input line 110.
 (C:\Users\Senec\AppData\Local\Programs\MiKTeX\tex/latex/lm\omllmm.fd
File: omllmm.fd 2009/10/30 v1.6 Font defs for Latin Modern
)
LaTeX Font Info:    Trying to load font information for OMS+lmsy on input line 110.
 (C:\Users\Senec\AppData\Local\Programs\MiKTeX\tex/latex/lm\omslmsy.fd
File: omslmsy.fd 2009/10/30 v1.6 Font defs for Latin Modern
)
LaTeX Font Info:    Trying to load font information for OMX+lmex on input line 110.
 (C:\Users\Senec\AppData\Local\Programs\MiKTeX\tex/latex/lm\omxlmex.fd
File: omxlmex.fd 2009/10/30 v1.6 Font defs for Latin Modern
)
LaTeX Font Info:    External font `lmex10' loaded for size
(Font)              <10> on input line 110.
LaTeX Font Info:    External font `lmex10' loaded for size
(Font)              <7> on input line 110.
LaTeX Font Info:    External font `lmex10' loaded for size
(Font)              <5> on input line 110.
 [1

{C:/Users/Senec/AppData/Local/MiKTeX/pdftex/config/pdftex.map} <./images/LogoHenallux.PNG>]
LaTeX Font Info:    Font shape `T1/LinuxLibertineT-TLF/m/n' will be
(Font)              scaled to size 14.4pt on input line 134.
LaTeX Font Info:    Font shape `T1/LinuxLibertineT-TLF/b/n' will be
(Font)              scaled to size 14.4pt on input line 134.
 (rapport.toc
LaTeX Font Info:    Font shape `T1/LinuxLibertineT-TLF/b/n' will be
(Font)              scaled to size 10.0pt on input line 2.
)
\tf@toc=\write6
\openout6 = `rapport.toc'.

LaTeX Font Info:    Font shape `T1/LinuxLibertineT-TLF/m/n' will be
(Font)              scaled to size 8.0pt on input line 135.
pdfTeX warning (ext4): destination with the same identifier (name{page.1}) has been already used, duplicate ignored
<to be read again> 
                   \relax 
l.135 \newpage
               [1]
LaTeX Font Info:    Font shape `T1/LinuxLibertineT-TLF/m/n' will be
(Font)              scaled to size 12.0pt on input line 138.
LaTeX Font Info:    Font shape `T1/LinuxLibertineT-TLF/b/n' will be
(Font)              scaled to size 12.0pt on input line 138.
LaTeX Font Info:    Font shape `T1/LinuxLibertineT-TLF/m/it' will be
(Font)              scaled to size 10.0pt on input line 139.
<images/Rapport/Windows AD/domaine.png, id=107, 572.89032pt x 420.82219pt>
File: images/Rapport/Windows AD/domaine.png Graphic file (type png)
<use images/Rapport/Windows AD/domaine.png>
Package pdftex.def Info: images/Rapport/Windows AD/domaine.png  used on input line 142.
(pdftex.def)             Requested size: 341.43306pt x 250.80647pt.
LaTeX Font Info:    Font shape `T1/LinuxLibertineT-TLF/m/sc' will be
(Font)              scaled to size 10.0pt on input line 143.
<images/Rapport/Windows AD/netbois.png, id=108, 572.89032pt x 421.575pt>
File: images/Rapport/Windows AD/netbois.png Graphic file (type png)
<use images/Rapport/Windows AD/netbois.png>
Package pdftex.def Info: images/Rapport/Windows AD/netbois.png  used on input line 148.
(pdftex.def)             Requested size: 341.43306pt x 251.25514pt.
<images/Rapport/Windows AD/Ajout des 2 nouveaux users.png, id=109, 240.9pt x 34.62938pt>
File: images/Rapport/Windows AD/Ajout des 2 nouveaux users.png Graphic file (type png)
<use images/Rapport/Windows AD/Ajout des 2 nouveaux users.png>
Package pdftex.def Info: images/Rapport/Windows AD/Ajout des 2 nouveaux users.png  used on input line 155.
(pdftex.def)             Requested size: 341.43306pt x 49.08578pt.
 [2pdfTeX warning (ext4): destination with the same identifier (name{figure.1}) has been already used, duplicate ignored
<argument> ...shipout:D \box_use:N \l_shipout_box 
                                                  
l.157 \end{figure}
                  pdfTeX warning (ext4): destination with the same identifier (name{figure.2}) has been already used, duplicate ignored
<argument> ...shipout:D \box_use:N \l_shipout_box 
                                                  
l.157 \end{figure}
                   <./images/Rapport/Windows AD/domaine.png> <./images/Rapport/Windows AD/netbois.png>]
<images/Rapport/Windows AD/Admin.png, id=120, 302.63063pt x 343.2825pt>
File: images/Rapport/Windows AD/Admin.png Graphic file (type png)
<use images/Rapport/Windows AD/Admin.png>
Package pdftex.def Info: images/Rapport/Windows AD/Admin.png  used on input line 161.
(pdftex.def)             Requested size: 341.43306pt x 387.3023pt.
 [3pdfTeX warning (ext4): destination with the same identifier (name{figure.3}) has been already used, duplicate ignored
<argument> ...shipout:D \box_use:N \l_shipout_box 
                                                  
l.167 \newpage
              pdfTeX warning (ext4): destination with the same identifier (name{figure.4}) has been already used, duplicate ignored
<argument> ...shipout:D \box_use:N \l_shipout_box 
                                                  
l.167 \newpage
               <./images/Rapport/Windows AD/Ajout des 2 nouveaux users.png> <./images/Rapport/Windows AD/Admin.png>]
<images/Rapport/zabbix/passwd.png, id=129, 604.50844pt x 423.83344pt>
File: images/Rapport/zabbix/passwd.png Graphic file (type png)
<use images/Rapport/zabbix/passwd.png>
Package pdftex.def Info: images/Rapport/zabbix/passwd.png  used on input line 173.
(pdftex.def)             Requested size: 341.43306pt x 239.38225pt.
<images/Rapport/Zabbix/Dl_repo.png, id=130, 721.19438pt x 167.87718pt>
File: images/Rapport/Zabbix/Dl_repo.png Graphic file (type png)
<use images/Rapport/Zabbix/Dl_repo.png>
Package pdftex.def Info: images/Rapport/Zabbix/Dl_repo.png  used on input line 187.
(pdftex.def)             Requested size: 341.43306pt x 79.47607pt.
<images/Rapport/zabbix/status_zabbix.png, id=131, 861.2175pt x 663.22781pt>
File: images/Rapport/zabbix/status_zabbix.png Graphic file (type png)
<use images/Rapport/zabbix/status_zabbix.png>
Package pdftex.def Info: images/Rapport/zabbix/status_zabbix.png  used on input line 196.
(pdftex.def)             Requested size: 341.43306pt x 262.93858pt.
 [4pdfTeX warning (ext4): destination with the same identifier (name{figure.5}) has been already used, duplicate ignored
<argument> ...shipout:D \box_use:N \l_shipout_box 
                                                  
l.199 
      pdfTeX warning (ext4): destination with the same identifier (name{figure.6}) has been already used, duplicate ignored
<argument> ...shipout:D \box_use:N \l_shipout_box 
                                                  
l.199 
       <./images/Rapport/zabbix/passwd.png> <./images/Rapport/Zabbix/Dl_repo.png>]
<images/Rapport/zabbix/1.png, id=140, 494.59781pt x 98.61844pt>
File: images/Rapport/zabbix/1.png Graphic file (type png)
<use images/Rapport/zabbix/1.png>
Package pdftex.def Info: images/Rapport/zabbix/1.png  used on input line 205.
(pdftex.def)             Requested size: 341.43306pt x 68.07838pt.
<images/Rapport/zabbix/yoo.png, id=141, 584.1825pt x 254.45062pt>
File: images/Rapport/zabbix/yoo.png Graphic file (type png)
<use images/Rapport/zabbix/yoo.png>
Package pdftex.def Info: images/Rapport/zabbix/yoo.png  used on input line 211.
(pdftex.def)             Requested size: 369.88582pt x 161.1162pt.
<images/Rapport/zabbix/2.png, id=142, 708.39656pt x 88.07906pt>
File: images/Rapport/zabbix/2.png Graphic file (type png)
<use images/Rapport/zabbix/2.png>
Package pdftex.def Info: images/Rapport/zabbix/2.png  used on input line 217.
(pdftex.def)             Requested size: 341.43306pt x 42.4535pt.
 [5pdfTeX warning (ext4): destination with the same identifier (name{figure.7}) has been already used, duplicate ignored
<argument> ...shipout:D \box_use:N \l_shipout_box 
                                                  
l.219   \end{figure}
                    pdfTeX warning (ext4): destination with the same identifier (name{figure.8}) has been already used, duplicate ignored
<argument> ...shipout:D \box_use:N \l_shipout_box 
                                                  
l.219   \end{figure}
                    pdfTeX warning (ext4): destination with the same identifier (name{figure.9}) has been already used, duplicate ignored
<argument> ...shipout:D \box_use:N \l_shipout_box 
                                                  
l.219   \end{figure}
                     <./images/Rapport/zabbix/status_zabbix.png> <./images/Rapport/zabbix/1.png> <./images/Rapport/zabbix/yoo.png>]
<images/Rapport/zabbix/modification du bloc server.png, id=155, 355.3275pt x 86.57344pt>
File: images/Rapport/zabbix/modification du bloc server.png Graphic file (type png)
<use images/Rapport/zabbix/modification du bloc server.png>
Package pdftex.def Info: images/Rapport/zabbix/modification du bloc server.png  used on input line 223.
(pdftex.def)             Requested size: 341.43306pt x 83.19012pt.
<images/Rapport/zabbix/Ajout d'un bloc serveur pour faire une redirection.png, id=156, 271.76532pt x 107.65219pt>
File: images/Rapport/zabbix/Ajout d'un bloc serveur pour faire une redirection.png Graphic file (type png)
<use images/Rapport/zabbix/Ajout d'un bloc serveur pour faire une redirection.png>
Package pdftex.def Info: images/Rapport/zabbix/Ajout d'un bloc serveur pour faire une redirection.png  used on input line 229.
(pdftex.def)             Requested size: 227.62204pt x 90.16931pt.
<images/Rapport/zabbix/auto.png, id=157, 283.0575pt x 25.59563pt>
File: images/Rapport/zabbix/auto.png Graphic file (type png)
<use images/Rapport/zabbix/auto.png>
Package pdftex.def Info: images/Rapport/zabbix/auto.png  used on input line 235.
(pdftex.def)             Requested size: 341.43306pt x 30.87666pt.
<images/Rapport/2k8/1.png, id=158, 380.17032pt x 325.215pt>
File: images/Rapport/2k8/1.png Graphic file (type png)
<use images/Rapport/2k8/1.png>
Package pdftex.def Info: images/Rapport/2k8/1.png  used on input line 247.
(pdftex.def)             Requested size: 312.9803pt x 267.74493pt.
 [6pdfTeX warning (ext4): destination with the same identifier (name{figure.10}) has been already used, duplicate ignored
<argument> ...shipout:D \box_use:N \l_shipout_box 
                                                  
l.250   \item J
               e génère ensuite une clé en hexa grâce a un terminal linu...pdfTeX warning (ext4): destination with the same identifier (name{figure.11}) has been already used, duplicate ignored
<argument> ...shipout:D \box_use:N \l_shipout_box 
                                                  
l.250   \item J
               e génère ensuite une clé en hexa grâce a un terminal linu...pdfTeX warning (ext4): destination with the same identifier (name{figure.12}) has been already used, duplicate ignored
<argument> ...shipout:D \box_use:N \l_shipout_box 
                                                  
l.250   \item J
               e génère ensuite une clé en hexa grâce a un terminal linu...pdfTeX warning (ext4): destination with the same identifier (name{figure.13}) has been already used, duplicate ignored
<argument> ...shipout:D \box_use:N \l_shipout_box 
                                                  
l.250   \item J
               e génère ensuite une clé en hexa grâce a un terminal linu... <./images/Rapport/zabbix/2.png> <./images/Rapport/zabbix/modification du bloc server.png> <./images/Rapport/zabbix/Ajout d'un bloc serveur pour faire une redirection.png> <./images/Rapport/zabbix/auto.png>]
<images/Rapport/2k8/2.png, id=178, 411.03563pt x 29.35968pt>
File: images/Rapport/2k8/2.png Graphic file (type png)
<use images/Rapport/2k8/2.png>
Package pdftex.def Info: images/Rapport/2k8/2.png  used on input line 253.
(pdftex.def)             Requested size: 341.43306pt x 24.38821pt.
<images/Rapport/2k8/3.png, id=179, 377.91188pt x 312.41719pt>
File: images/Rapport/2k8/3.png Graphic file (type png)
<use images/Rapport/2k8/3.png>
Package pdftex.def Info: images/Rapport/2k8/3.png  used on input line 259.
(pdftex.def)             Requested size: 284.52756pt x 235.21805pt.
 [7pdfTeX warning (ext4): destination with the same identifier (name{figure.14}) has been already used, duplicate ignored
<argument> ...shipout:D \box_use:N \l_shipout_box 
                                                  
l.264     \item H
                 ostname : METASPLOITABLE ETU42877pdfTeX warning (ext4): destination with the same identifier (name{figure.15}) has been already used, duplicate ignored
<argument> ...shipout:D \box_use:N \l_shipout_box 
                                                  
l.264     \item H
                 ostname : METASPLOITABLE ETU42877pdfTeX warning (ext4): destination with the same identifier (name{figure.16}) has been already used, duplicate ignored
<argument> ...shipout:D \box_use:N \l_shipout_box 
                                                  
l.264     \item H
                 ostname : METASPLOITABLE ETU42877 <./images/Rapport/2k8/1.png> <./images/Rapport/2k8/2.png> <./images/Rapport/2k8/3.png>]
<images/Rapport/zabbix/Ajout de l'host Windows.png, id=192, 1295.59032pt x 50.43843pt>
File: images/Rapport/zabbix/Ajout de l'host Windows.png Graphic file (type png)
<use images/Rapport/zabbix/Ajout de l'host Windows.png>
Package pdftex.def Info: images/Rapport/zabbix/Ajout de l'host Windows.png  used on input line 271.
(pdftex.def)             Requested size: 512.1496pt x 19.93872pt.

Overfull \hbox (28.45273pt too wide) in paragraph at lines 271--272
 [][] 
 []

<images/Rapport/ubuntu/zabbix/11.png, id=193, 1421.31pt x 255.95625pt>
File: images/Rapport/ubuntu/zabbix/11.png Graphic file (type png)
<use images/Rapport/ubuntu/zabbix/11.png>
Package pdftex.def Info: images/Rapport/ubuntu/zabbix/11.png  used on input line 283.
(pdftex.def)             Requested size: 341.43306pt x 61.48543pt.
<images/Rapport/ubuntu/zabbix/1.png, id=194, 688.82344pt x 292.84406pt>
File: images/Rapport/ubuntu/zabbix/1.png Graphic file (type png)
<use images/Rapport/ubuntu/zabbix/1.png>
Package pdftex.def Info: images/Rapport/ubuntu/zabbix/1.png  used on input line 289.
(pdftex.def)             Requested size: 341.43306pt x 145.15709pt.
<images/Rapport/ubuntu/zabbix/2.png, id=195, 673.76718pt x 130.23656pt>
File: images/Rapport/ubuntu/zabbix/2.png Graphic file (type png)
<use images/Rapport/ubuntu/zabbix/2.png>
Package pdftex.def Info: images/Rapport/ubuntu/zabbix/2.png  used on input line 295.
(pdftex.def)             Requested size: 341.43306pt x 65.99846pt.
<images/Rapport/ubuntu/zabbix/3.png, id=196, 545.03625pt x 137.01187pt>
File: images/Rapport/ubuntu/zabbix/3.png Graphic file (type png)
<use images/Rapport/ubuntu/zabbix/3.png>
Package pdftex.def Info: images/Rapport/ubuntu/zabbix/3.png  used on input line 300.
(pdftex.def)             Requested size: 341.43306pt x 85.82872pt.
<images/Rapport/ubuntu/zabbix/serveractive.png, id=197, 624.83438pt x 172.39406pt>
File: images/Rapport/ubuntu/zabbix/serveractive.png Graphic file (type png)
<use images/Rapport/ubuntu/zabbix/serveractive.png>
Package pdftex.def Info: images/Rapport/ubuntu/zabbix/serveractive.png  used on input line 305.
(pdftex.def)             Requested size: 341.43306pt x 94.2041pt.
[8pdfTeX warning (ext4): destination with the same identifier (name{figure.17}) has been already used, duplicate ignored
<argument> ...shipout:D \box_use:N \l_shipout_box 
                                                  
l.307   \end{figure}
                    pdfTeX warning (ext4): destination with the same identifier (name{figure.18}) has been already used, duplicate ignored
<argument> ...shipout:D \box_use:N \l_shipout_box 
                                                  
l.307   \end{figure}
                    pdfTeX warning (ext4): destination with the same identifier (name{figure.19}) has been already used, duplicate ignored
<argument> ...shipout:D \box_use:N \l_shipout_box 
                                                  
l.307   \end{figure}
                    pdfTeX warning (ext4): destination with the same identifier (name{figure.20}) has been already used, duplicate ignored
<argument> ...shipout:D \box_use:N \l_shipout_box 
                                                  
l.307   \end{figure}
                     <./images/Rapport/zabbix/Ajout de l'host Windows.png> <./images/Rapport/ubuntu/zabbix/11.png> <./images/Rapport/ubuntu/zabbix/1.png> <./images/Rapport/ubuntu/zabbix/2.png>]
<images/Rapport/ubuntu/zabbix/psk.png, id=214, 629.35126pt x 39.14626pt>
File: images/Rapport/ubuntu/zabbix/psk.png Graphic file (type png)
<use images/Rapport/ubuntu/zabbix/psk.png>
Package pdftex.def Info: images/Rapport/ubuntu/zabbix/psk.png  used on input line 311.
(pdftex.def)             Requested size: 341.43306pt x 21.23721pt.
<images/Rapport/ubuntu/zabbix/TLSconnect.png, id=215, 639.13782pt x 264.99pt>
File: images/Rapport/ubuntu/zabbix/TLSconnect.png Graphic file (type png)
<use images/Rapport/ubuntu/zabbix/TLSconnect.png>
Package pdftex.def Info: images/Rapport/ubuntu/zabbix/TLSconnect.png  used on input line 316.
(pdftex.def)             Requested size: 369.88582pt x 153.3587pt.
<images/Rapport/ubuntu/zabbix/identi.png, id=216, 456.95718pt x 170.13562pt>
File: images/Rapport/ubuntu/zabbix/identi.png Graphic file (type png)
<use images/Rapport/ubuntu/zabbix/identi.png>
Package pdftex.def Info: images/Rapport/ubuntu/zabbix/identi.png  used on input line 317.
(pdftex.def)             Requested size: 369.88582pt x 137.72081pt.
 [9pdfTeX warning (ext4): destination with the same identifier (name{figure.21}) has been already used, duplicate ignored
<argument> ...shipout:D \box_use:N \l_shipout_box 
                                                  
l.322     \item H
                 ostname : Ubuntu ETU42877pdfTeX warning (ext4): destination with the same identifier (name{figure.22}) has been already used, duplicate ignored
<argument> ...shipout:D \box_use:N \l_shipout_box 
                                                  
l.322     \item H
                 ostname : Ubuntu ETU42877pdfTeX warning (ext4): destination with the same identifier (name{figure.23}) has been already used, duplicate ignored
<argument> ...shipout:D \box_use:N \l_shipout_box 
                                                  
l.322     \item H
                 ostname : Ubuntu ETU42877pdfTeX warning (ext4): destination with the same identifier (name{figure.24}) has been already used, duplicate ignored
<argument> ...shipout:D \box_use:N \l_shipout_box 
                                                  
l.322     \item H
                 ostname : Ubuntu ETU42877 <./images/Rapport/ubuntu/zabbix/3.png> <./images/Rapport/ubuntu/zabbix/serveractive.png> <./images/Rapport/ubuntu/zabbix/psk.png> <./images/Rapport/ubuntu/zabbix/TLSconnect.png> <./images/Rapport/ubuntu/zabbix/identi.png>]
<images/Rapport/zabbix/Ajout Ubuntu.png, id=231, 1292.57906pt x 41.4047pt>
File: images/Rapport/zabbix/Ajout Ubuntu.png Graphic file (type png)
<use images/Rapport/zabbix/Ajout Ubuntu.png>
Package pdftex.def Info: images/Rapport/zabbix/Ajout Ubuntu.png  used on input line 329.
(pdftex.def)             Requested size: 512.1496pt x 16.40552pt.

Overfull \hbox (28.45273pt too wide) in paragraph at lines 329--330
 [][] 
 []

<images/Rapport/zabbix/connexion/modele.png, id=232, 949.29657pt x 76.03406pt>
File: images/Rapport/zabbix/connexion/modele.png Graphic file (type png)
<use images/Rapport/zabbix/connexion/modele.png>
Package pdftex.def Info: images/Rapport/zabbix/connexion/modele.png  used on input line 339.
(pdftex.def)             Requested size: 455.24408pt x 36.46228pt.
<images/Rapport/zabbix/connexion/key element.png, id=233, 654.19406pt x 448.67625pt>
File: images/Rapport/zabbix/connexion/key element.png Graphic file (type png)
<use images/Rapport/zabbix/connexion/key element.png>
Package pdftex.def Info: images/Rapport/zabbix/connexion/key element.png  used on input line 347.
(pdftex.def)             Requested size: 455.24408pt x 312.2296pt.
<images/Rapport/zabbix/connexion/1.png, id=234, 912.40875pt x 465.23813pt>
File: images/Rapport/zabbix/connexion/1.png Graphic file (type png)
<use images/Rapport/zabbix/connexion/1.png>
Package pdftex.def Info: images/Rapport/zabbix/connexion/1.png  used on input line 353.
(pdftex.def)             Requested size: 341.43306pt x 174.09471pt.
[10pdfTeX warning (ext4): destination with the same identifier (name{figure.25}) has been already used, duplicate ignored
<argument> ...shipout:D \box_use:N \l_shipout_box 
                                                  
l.355   \end{figure}
                    pdfTeX warning (ext4): destination with the same identifier (name{figure.26}) has been already used, duplicate ignored
<argument> ...shipout:D \box_use:N \l_shipout_box 
                                                  
l.355   \end{figure}
                    pdfTeX warning (ext4): destination with the same identifier (name{figure.27}) has been already used, duplicate ignored
<argument> ...shipout:D \box_use:N \l_shipout_box 
                                                  
l.355   \end{figure}
                     <./images/Rapport/zabbix/Ajout Ubuntu.png> <./images/Rapport/zabbix/connexion/modele.png> <./images/Rapport/zabbix/connexion/key element.png>]
<images/Rapport/zabbix/connexion/trigger pour les connexions.png, id=248, 1279.02844pt x 118.19156pt>
File: images/Rapport/zabbix/connexion/trigger pour les connexions.png Graphic file (type png)
<use images/Rapport/zabbix/connexion/trigger pour les connexions.png>
Package pdftex.def Info: images/Rapport/zabbix/connexion/trigger pour les connexions.png  used on input line 364.
(pdftex.def)             Requested size: 455.24408pt x 42.0674pt.
<images/Rapport/zabbix/services/tous les items.png, id=249, 1281.28688pt x 261.97874pt>
File: images/Rapport/zabbix/services/tous les items.png Graphic file (type png)
<use images/Rapport/zabbix/services/tous les items.png>
Package pdftex.def Info: images/Rapport/zabbix/services/tous les items.png  used on input line 375.
(pdftex.def)             Requested size: 483.69684pt x 98.89737pt.
<images/Rapport/zabbix/services/les triggers.png, id=250, 1285.05093pt x 261.97874pt>
File: images/Rapport/zabbix/services/les triggers.png Graphic file (type png)
<use images/Rapport/zabbix/services/les triggers.png>
Package pdftex.def Info: images/Rapport/zabbix/services/les triggers.png  used on input line 385.
(pdftex.def)             Requested size: 483.69684pt x 98.60954pt.
 [11pdfTeX warning (ext4): destination with the same identifier (name{figure.28}) has been already used, duplicate ignored
<argument> ...shipout:D \box_use:N \l_shipout_box 
                                                  
l.388 
      pdfTeX warning (ext4): destination with the same identifier (name{figure.29}) has been already used, duplicate ignored
<argument> ...shipout:D \box_use:N \l_shipout_box 
                                                  
l.388 
      pdfTeX warning (ext4): destination with the same identifier (name{figure.30}) has been already used, duplicate ignored
<argument> ...shipout:D \box_use:N \l_shipout_box 
                                                  
l.388 
       <./images/Rapport/zabbix/connexion/1.png> <./images/Rapport/zabbix/connexion/trigger pour les connexions.png> <./images/Rapport/zabbix/services/tous les items.png>]
<images/Rapport/zabbix/services/test stop ftp.png, id=263, 312.41719pt x 352.31625pt>
File: images/Rapport/zabbix/services/test stop ftp.png Graphic file (type png)
<use images/Rapport/zabbix/services/test stop ftp.png>
Package pdftex.def Info: images/Rapport/zabbix/services/test stop ftp.png  used on input line 393.
(pdftex.def)             Requested size: 256.0748pt x 288.78291pt.
<images/Rapport/zabbix/services/trigger actif ftp.png, id=264, 992.95969pt x 55.70813pt>
File: images/Rapport/zabbix/services/trigger actif ftp.png Graphic file (type png)
<use images/Rapport/zabbix/services/trigger actif ftp.png>
Package pdftex.def Info: images/Rapport/zabbix/services/trigger actif ftp.png  used on input line 403.
(pdftex.def)             Requested size: 483.69684pt x 27.1374pt.
 [12pdfTeX warning (ext4): destination with the same identifier (name{figure.31}) has been already used, duplicate ignored
<argument> ...shipout:D \box_use:N \l_shipout_box 
                                                  
l.407 \newpage
              pdfTeX warning (ext4): destination with the same identifier (name{figure.32}) has been already used, duplicate ignored
<argument> ...shipout:D \box_use:N \l_shipout_box 
                                                  
l.407 \newpage
              pdfTeX warning (ext4): destination with the same identifier (name{figure.33}) has been already used, duplicate ignored
<argument> ...shipout:D \box_use:N \l_shipout_box 
                                                  
l.407 \newpage
               <./images/Rapport/zabbix/services/les triggers.png> <./images/Rapport/zabbix/services/test stop ftp.png> <./images/Rapport/zabbix/services/trigger actif ftp.png>]
<images/Rapport/kali/1.png, id=276, 562.35094pt x 381.67593pt>
File: images/Rapport/kali/1.png Graphic file (type png)
<use images/Rapport/kali/1.png>
Package pdftex.def Info: images/Rapport/kali/1.png  used on input line 414.
(pdftex.def)             Requested size: 398.33858pt x 270.357pt.
<images/Rapport/kali/2.png, id=277, 399.74344pt x 241.65282pt>
File: images/Rapport/kali/2.png Graphic file (type png)
<use images/Rapport/kali/2.png>
Package pdftex.def Info: images/Rapport/kali/2.png  used on input line 420.
(pdftex.def)             Requested size: 398.33858pt x 240.81519pt.
<images/Rapport/kali/W2k8/1.png, id=278, 447.17062pt x 76.78688pt>
File: images/Rapport/kali/W2k8/1.png Graphic file (type png)
<use images/Rapport/kali/W2k8/1.png>
Package pdftex.def Info: images/Rapport/kali/W2k8/1.png  used on input line 429.
(pdftex.def)             Requested size: 341.43306pt x 58.63162pt.
 [13pdfTeX warning (ext4): destination with the same identifier (name{figure.34}) has been already used, duplicate ignored
<argument> ...shipout:D \box_use:N \l_shipout_box 
                                                  
l.431 \end{figure}
                  pdfTeX warning (ext4): destination with the same identifier (name{figure.35}) has been already used, duplicate ignored
<argument> ...shipout:D \box_use:N \l_shipout_box 
                                                  
l.431 \end{figure}
                   <./images/Rapport/kali/1.png> <./images/Rapport/kali/2.png>]
<images/Rapport/kali/W2k8/2.png, id=289, 1329.46687pt x 450.18187pt>
File: images/Rapport/kali/W2k8/2.png Graphic file (type png)
<use images/Rapport/kali/W2k8/2.png>
Package pdftex.def Info: images/Rapport/kali/W2k8/2.png  used on input line 435.
(pdftex.def)             Requested size: 483.69684pt x 163.78952pt.
<images/Rapport/kali/W2k8/3.png, id=290, 1129.97156pt x 581.17125pt>
File: images/Rapport/kali/W2k8/3.png Graphic file (type png)
<use images/Rapport/kali/W2k8/3.png>
Package pdftex.def Info: images/Rapport/kali/W2k8/3.png  used on input line 441.
(pdftex.def)             Requested size: 455.24408pt x 234.14043pt.
<images/Rapport/kali/W2k8/4.png, id=291, 656.4525pt x 569.87906pt>
File: images/Rapport/kali/W2k8/4.png Graphic file (type png)
<use images/Rapport/kali/W2k8/4.png>
Package pdftex.def Info: images/Rapport/kali/W2k8/4.png  used on input line 447.
(pdftex.def)             Requested size: 312.9803pt x 271.70406pt.
 [14pdfTeX warning (ext4): destination with the same identifier (name{figure.36}) has been already used, duplicate ignored
<argument> ...shipout:D \box_use:N \l_shipout_box 
                                                  
l.449 \end{figure}
                  pdfTeX warning (ext4): destination with the same identifier (name{figure.37}) has been already used, duplicate ignored
<argument> ...shipout:D \box_use:N \l_shipout_box 
                                                  
l.449 \end{figure}
                  pdfTeX warning (ext4): destination with the same identifier (name{figure.38}) has been already used, duplicate ignored
<argument> ...shipout:D \box_use:N \l_shipout_box 
                                                  
l.449 \end{figure}
                   <./images/Rapport/kali/W2k8/1.png> <./images/Rapport/kali/W2k8/2.png> <./images/Rapport/kali/W2k8/3.png>]
<images/Rapport/kali/W2k8/5.png, id=302, 855.195pt x 596.98032pt>
File: images/Rapport/kali/W2k8/5.png Graphic file (type png)
<use images/Rapport/kali/W2k8/5.png>
Package pdftex.def Info: images/Rapport/kali/W2k8/5.png  used on input line 454.
(pdftex.def)             Requested size: 369.88582pt x 258.19954pt.
<images/Rapport/kali/W2k8/winrm/1.png, id=303, 1171.37625pt x 175.40532pt>
File: images/Rapport/kali/W2k8/winrm/1.png Graphic file (type png)
<use images/Rapport/kali/W2k8/winrm/1.png>
Package pdftex.def Info: images/Rapport/kali/W2k8/winrm/1.png  used on input line 464.
(pdftex.def)             Requested size: 398.33858pt x 59.64772pt.
 [15pdfTeX warning (ext4): destination with the same identifier (name{figure.39}) has been already used, duplicate ignored
<argument> ...shipout:D \box_use:N \l_shipout_box 
                                                  
l.466   \end{figure}
                    pdfTeX warning (ext4): destination with the same identifier (name{figure.40}) has been already used, duplicate ignored
<argument> ...shipout:D \box_use:N \l_shipout_box 
                                                  
l.466   \end{figure}
                     <./images/Rapport/kali/W2k8/4.png> <./images/Rapport/kali/W2k8/5.png>]
<images/Rapport/kali/W2k8/winrm/2.png, id=312, 972.63374pt x 628.59843pt>
File: images/Rapport/kali/W2k8/winrm/2.png Graphic file (type png)
<use images/Rapport/kali/W2k8/winrm/2.png>
Package pdftex.def Info: images/Rapport/kali/W2k8/winrm/2.png  used on input line 472.
(pdftex.def)             Requested size: 369.88582pt x 239.05212pt.
<images/Rapport/kali/W2k8/winrm/3.png, id=313, 677.53125pt x 201.75375pt>
File: images/Rapport/kali/W2k8/winrm/3.png Graphic file (type png)
<use images/Rapport/kali/W2k8/winrm/3.png>
Package pdftex.def Info: images/Rapport/kali/W2k8/winrm/3.png  used on input line 480.
(pdftex.def)             Requested size: 341.43306pt x 101.67395pt.
<images/Rapport/kali/W2k8/winrm/4.png, id=314, 665.48625pt x 207.02344pt>
File: images/Rapport/kali/W2k8/winrm/4.png Graphic file (type png)
<use images/Rapport/kali/W2k8/winrm/4.png>
Package pdftex.def Info: images/Rapport/kali/W2k8/winrm/4.png  used on input line 486.
(pdftex.def)             Requested size: 426.79134pt x 132.76936pt.
 [16pdfTeX warning (ext4): destination with the same identifier (name{figure.41}) has been already used, duplicate ignored
<argument> ...shipout:D \box_use:N \l_shipout_box 
                                                  
l.488   \end{figure}
                    pdfTeX warning (ext4): destination with the same identifier (name{figure.42}) has been already used, duplicate ignored
<argument> ...shipout:D \box_use:N \l_shipout_box 
                                                  
l.488   \end{figure}
                    pdfTeX warning (ext4): destination with the same identifier (name{figure.43}) has been already used, duplicate ignored
<argument> ...shipout:D \box_use:N \l_shipout_box 
                                                  
l.488   \end{figure}
                     <./images/Rapport/kali/W2k8/winrm/1.png> <./images/Rapport/kali/W2k8/winrm/2.png> <./images/Rapport/kali/W2k8/winrm/3.png>]
<images/Rapport/kali/W2k8/winrm/5.png, id=328, 841.64438pt x 115.93312pt>
File: images/Rapport/kali/W2k8/winrm/5.png Graphic file (type png)
<use images/Rapport/kali/W2k8/winrm/5.png>
Package pdftex.def Info: images/Rapport/kali/W2k8/winrm/5.png  used on input line 492.
(pdftex.def)             Requested size: 455.24408pt x 62.70908pt.
<images/Rapport/kali/W2k8/winrm/6.png, id=329, 622.57594pt x 475.02469pt>
File: images/Rapport/kali/W2k8/winrm/6.png Graphic file (type png)
<use images/Rapport/kali/W2k8/winrm/6.png>
Package pdftex.def Info: images/Rapport/kali/W2k8/winrm/6.png  used on input line 499.
(pdftex.def)             Requested size: 341.43306pt x 260.5178pt.
<images/Rapport/kali/W2k8/winrm/7.png, id=330, 909.3975pt x 114.4275pt>
File: images/Rapport/kali/W2k8/winrm/7.png Graphic file (type png)
<use images/Rapport/kali/W2k8/winrm/7.png>
Package pdftex.def Info: images/Rapport/kali/W2k8/winrm/7.png  used on input line 507.
(pdftex.def)             Requested size: 483.69684pt x 60.86278pt.
 [17pdfTeX warning (ext4): destination with the same identifier (name{figure.44}) has been already used, duplicate ignored
<argument> ...shipout:D \box_use:N \l_shipout_box 
                                                  
l.509   \end{figure}
                    pdfTeX warning (ext4): destination with the same identifier (name{figure.45}) has been already used, duplicate ignored
<argument> ...shipout:D \box_use:N \l_shipout_box 
                                                  
l.509   \end{figure}
                    pdfTeX warning (ext4): destination with the same identifier (name{figure.46}) has been already used, duplicate ignored
<argument> ...shipout:D \box_use:N \l_shipout_box 
                                                  
l.509   \end{figure}
                     <./images/Rapport/kali/W2k8/winrm/4.png> <./images/Rapport/kali/W2k8/winrm/5.png> <./images/Rapport/kali/W2k8/winrm/6.png>]
<images/Rapport/kali/W2k8/winrm/8.png, id=344, 411.03563pt x 75.28125pt>
File: images/Rapport/kali/W2k8/winrm/8.png Graphic file (type png)
<use images/Rapport/kali/W2k8/winrm/8.png>
Package pdftex.def Info: images/Rapport/kali/W2k8/winrm/8.png  used on input line 514.
(pdftex.def)             Requested size: 341.43306pt x 62.53395pt.
<images/Rapport/kali/W2k8/winrm/9.png, id=345, 712.91344pt x 450.18187pt>
File: images/Rapport/kali/W2k8/winrm/9.png Graphic file (type png)
<use images/Rapport/kali/W2k8/winrm/9.png>
Package pdftex.def Info: images/Rapport/kali/W2k8/winrm/9.png  used on input line 515.
(pdftex.def)             Requested size: 341.43306pt x 215.60399pt.
<images/Rapport/kali/W2k8/winrm/10.png, id=346, 252.19218pt x 59.47218pt>
File: images/Rapport/kali/W2k8/winrm/10.png Graphic file (type png)
<use images/Rapport/kali/W2k8/winrm/10.png>
Package pdftex.def Info: images/Rapport/kali/W2k8/winrm/10.png  used on input line 521.
(pdftex.def)             Requested size: 426.79134pt x 100.64761pt.
<images/Rapport/kali/W2k8/winrm/12.png, id=347, 623.32875pt x 685.05937pt>
File: images/Rapport/kali/W2k8/winrm/12.png Graphic file (type png)
<use images/Rapport/kali/W2k8/winrm/12.png>
Package pdftex.def Info: images/Rapport/kali/W2k8/winrm/12.png  used on input line 528.
(pdftex.def)             Requested size: 398.33858pt x 437.7884pt.
 [18pdfTeX warning (ext4): destination with the same identifier (name{figure.47}) has been already used, duplicate ignored
<argument> ...shipout:D \box_use:N \l_shipout_box 
                                                  
l.530   \end{figure}
                    pdfTeX warning (ext4): destination with the same identifier (name{figure.48}) has been already used, duplicate ignored
<argument> ...shipout:D \box_use:N \l_shipout_box 
                                                  
l.530   \end{figure}
                    pdfTeX warning (ext4): destination with the same identifier (name{figure.49}) has been already used, duplicate ignored
<argument> ...shipout:D \box_use:N \l_shipout_box 
                                                  
l.530   \end{figure}
                     <./images/Rapport/kali/W2k8/winrm/7.png> <./images/Rapport/kali/W2k8/winrm/8.png> <./images/Rapport/kali/W2k8/winrm/9.png> <./images/Rapport/kali/W2k8/winrm/10.png>]
<images/Rapport/kali/W2k8/winrm/13.png, id=363, 864.22874pt x 152.06813pt>
File: images/Rapport/kali/W2k8/winrm/13.png Graphic file (type png)
<use images/Rapport/kali/W2k8/winrm/13.png>
Package pdftex.def Info: images/Rapport/kali/W2k8/winrm/13.png  used on input line 534.
(pdftex.def)             Requested size: 483.69684pt x 85.11116pt.
<images/Rapport/kali/W2k8/winrm/14.png, id=364, 478.78876pt x 341.77687pt>
File: images/Rapport/kali/W2k8/winrm/14.png Graphic file (type png)
<use images/Rapport/kali/W2k8/winrm/14.png>
Package pdftex.def Info: images/Rapport/kali/W2k8/winrm/14.png  used on input line 540.
(pdftex.def)             Requested size: 398.33858pt x 284.34747pt.
 [19pdfTeX warning (ext4): destination with the same identifier (name{figure.50}) has been already used, duplicate ignored
<argument> ...shipout:D \box_use:N \l_shipout_box 
                                                  
l.542   \end{figure}
                    pdfTeX warning (ext4): destination with the same identifier (name{figure.51}) has been already used, duplicate ignored
<argument> ...shipout:D \box_use:N \l_shipout_box 
                                                  
l.542   \end{figure}
                     <./images/Rapport/kali/W2k8/winrm/12.png> <./images/Rapport/kali/W2k8/winrm/13.png>]
<images/Rapport/kali/W2k8/iis/1.png, id=375, 1096.095pt x 128.73094pt>
File: images/Rapport/kali/W2k8/iis/1.png Graphic file (type png)
<use images/Rapport/kali/W2k8/iis/1.png>
Package pdftex.def Info: images/Rapport/kali/W2k8/iis/1.png  used on input line 552.
(pdftex.def)             Requested size: 483.69684pt x 56.80873pt.
<images/Rapport/kali/W2k8/iis/2.png, id=376, 771.63281pt x 551.05875pt>
File: images/Rapport/kali/W2k8/iis/2.png Graphic file (type png)
<use images/Rapport/kali/W2k8/iis/2.png>
Package pdftex.def Info: images/Rapport/kali/W2k8/iis/2.png  used on input line 558.
(pdftex.def)             Requested size: 398.33858pt x 284.46689pt.
 [20pdfTeX warning (ext4): destination with the same identifier (name{figure.52}) has been already used, duplicate ignored
<argument> ...shipout:D \box_use:N \l_shipout_box 
                                                  
l.561 J
       'avais ouvert sur un navigateur le site proposé par le service IIS p...pdfTeX warning (ext4): destination with the same identifier (name{figure.53}) has been already used, duplicate ignored
<argument> ...shipout:D \box_use:N \l_shipout_box 
                                                  
l.561 J
       'avais ouvert sur un navigateur le site proposé par le service IIS p... <./images/Rapport/kali/W2k8/winrm/14.png> <./images/Rapport/kali/W2k8/iis/1.png>]
<images/Rapport/kali/W2k8/iis/3.png, id=386, 770.88pt x 578.16pt>
File: images/Rapport/kali/W2k8/iis/3.png Graphic file (type png)
<use images/Rapport/kali/W2k8/iis/3.png>
Package pdftex.def Info: images/Rapport/kali/W2k8/iis/3.png  used on input line 565.
(pdftex.def)             Requested size: 369.88582pt x 277.40778pt.
<images/Rapport/kali/W2k8/tomcat/1.png, id=387, 569.87906pt x 476.53032pt>
File: images/Rapport/kali/W2k8/tomcat/1.png Graphic file (type png)
<use images/Rapport/kali/W2k8/tomcat/1.png>
Package pdftex.def Info: images/Rapport/kali/W2k8/tomcat/1.png  used on input line 574.
(pdftex.def)             Requested size: 398.33858pt x 333.08905pt.
<images/Rapport/kali/W2k8/tomcat/Capture.png, id=388, 520.19344pt x 26.34843pt>
File: images/Rapport/kali/W2k8/tomcat/Capture.png Graphic file (type png)
<use images/Rapport/kali/W2k8/tomcat/Capture.png>
Package pdftex.def Info: images/Rapport/kali/W2k8/tomcat/Capture.png  used on input line 575.
(pdftex.def)             Requested size: 483.69684pt x 24.49976pt.
 [21pdfTeX warning (ext4): destination with the same identifier (name{figure.54}) has been already used, duplicate ignored
<argument> ...shipout:D \box_use:N \l_shipout_box 
                                                  
l.577 \end{figure}
                  pdfTeX warning (ext4): destination with the same identifier (name{figure.55}) has been already used, duplicate ignored
<argument> ...shipout:D \box_use:N \l_shipout_box 
                                                  
l.577 \end{figure}
                   <./images/Rapport/kali/W2k8/iis/2.png> <./images/Rapport/kali/W2k8/iis/3.png>]
<images/Rapport/kali/W2k8/tomcat/2.png, id=397, 1175.89313pt x 325.215pt>
File: images/Rapport/kali/W2k8/tomcat/2.png Graphic file (type png)
<use images/Rapport/kali/W2k8/tomcat/2.png>
Package pdftex.def Info: images/Rapport/kali/W2k8/tomcat/2.png  used on input line 585.
(pdftex.def)             Requested size: 398.33858pt x 110.16472pt.
 [22pdfTeX warning (ext4): destination with the same identifier (name{figure.56}) has been already used, duplicate ignored
<argument> ...shipout:D \box_use:N \l_shipout_box 
                                                  
l.592 
      pdfTeX warning (ext4): destination with the same identifier (name{figure.57}) has been already used, duplicate ignored
<argument> ...shipout:D \box_use:N \l_shipout_box 
                                                  
l.592 
       <./images/Rapport/kali/W2k8/tomcat/1.png> <./images/Rapport/kali/W2k8/tomcat/Capture.png> <./images/Rapport/kali/W2k8/tomcat/2.png>]
<images/Rapport/kali/W2k8/tomcat/meterpreter.png, id=407, 697.10437pt x 138.5175pt>
File: images/Rapport/kali/W2k8/tomcat/meterpreter.png Graphic file (type png)
<use images/Rapport/kali/W2k8/tomcat/meterpreter.png>
Package pdftex.def Info: images/Rapport/kali/W2k8/tomcat/meterpreter.png  used on input line 595.
(pdftex.def)             Requested size: 398.33858pt x 79.15234pt.
<images/Rapport/kali/ubuntu/ftp/1.png, id=408, 907.13907pt x 435.12563pt>
File: images/Rapport/kali/ubuntu/ftp/1.png Graphic file (type png)
<use images/Rapport/kali/ubuntu/ftp/1.png>
Package pdftex.def Info: images/Rapport/kali/ubuntu/ftp/1.png  used on input line 605.
(pdftex.def)             Requested size: 398.33858pt x 191.07077pt.
<images/Rapport/kali/ubuntu/ftp/2.png, id=409, 758.08218pt x 234.8775pt>
File: images/Rapport/kali/ubuntu/ftp/2.png Graphic file (type png)
<use images/Rapport/kali/ubuntu/ftp/2.png>
Package pdftex.def Info: images/Rapport/kali/ubuntu/ftp/2.png  used on input line 614.
(pdftex.def)             Requested size: 369.88582pt x 114.60356pt.
 [23pdfTeX warning (ext4): destination with the same identifier (name{figure.58}) has been already used, duplicate ignored
<argument> ...shipout:D \box_use:N \l_shipout_box 
                                                  
l.620 
      pdfTeX warning (ext4): destination with the same identifier (name{figure.59}) has been already used, duplicate ignored
<argument> ...shipout:D \box_use:N \l_shipout_box 
                                                  
l.620 
      pdfTeX warning (ext4): destination with the same identifier (name{figure.60}) has been already used, duplicate ignored
<argument> ...shipout:D \box_use:N \l_shipout_box 
                                                  
l.620 
       <./images/Rapport/kali/W2k8/tomcat/meterpreter.png> <./images/Rapport/kali/ubuntu/ftp/1.png> <./images/Rapport/kali/ubuntu/ftp/2.png>]
<images/Rapport/kali/ubuntu/ftp/3.png, id=420, 897.3525pt x 388.45125pt>
File: images/Rapport/kali/ubuntu/ftp/3.png Graphic file (type png)
<use images/Rapport/kali/ubuntu/ftp/3.png>
Package pdftex.def Info: images/Rapport/kali/ubuntu/ftp/3.png  used on input line 623.
(pdftex.def)             Requested size: 398.33858pt x 172.43053pt.
<images/Rapport/kali/ubuntu/ftp/4.png, id=421, 670.75594pt x 377.91188pt>
File: images/Rapport/kali/ubuntu/ftp/4.png Graphic file (type png)
<use images/Rapport/kali/ubuntu/ftp/4.png>
Package pdftex.def Info: images/Rapport/kali/ubuntu/ftp/4.png  used on input line 632.
(pdftex.def)             Requested size: 398.33858pt x 224.42499pt.
 [24pdfTeX warning (ext4): destination with the same identifier (name{figure.61}) has been already used, duplicate ignored
<argument> ...shipout:D \box_use:N \l_shipout_box 
                                                  
l.680 \end{document}
                    pdfTeX warning (ext4): destination with the same identifier (name{figure.62}) has been already used, duplicate ignored
<argument> ...shipout:D \box_use:N \l_shipout_box 
                                                  
l.680 \end{document}
                     <./images/Rapport/kali/ubuntu/ftp/3.png> <./images/Rapport/kali/ubuntu/ftp/4.png>] (rapport.aux)
Package rerunfilecheck Info: File `rapport.out' has not changed.
(rerunfilecheck)             Checksum: 86687A9CBA455AD754D58DF0AAD1CE0A;3872.
 ) 
Here is how much of TeX's memory you used:
 25563 strings out of 479163
 479382 string characters out of 2853998
 752512 words of memory out of 3000000
 42509 multiletter control sequences out of 15000+600000
 491648 words of font info for 63 fonts, out of 8000000 for 9000
 1141 hyphenation exceptions out of 8191
 99i,12n,94p,552b,674s stack positions out of 5000i,500n,10000p,200000b,80000s
{C:/Users/Senec/AppData/Local/Programs/MiKTeX/fonts/enc/dvips/libertine/lbtn_ncsllp.enc}{C:/Users/Senec/AppData/Local/Programs/MiKTeX/fonts/enc/dvips/libertine/lbtn_7grukw.enc}{C:/Users/Senec/AppData/Local/Programs/MiKTeX/fonts/enc/dvips/libertine/lbtn_nh77jq.enc}{C:/Users/Senec/AppData/Local/Programs/MiKTeX/fonts/enc/dvips/libertine/lbtn_76gpa5.enc}{C:/Users/Senec/AppData/Local/Programs/MiKTeX/fonts/enc/dvips/libertine/lbtn_25tcsq.enc}{C:/Users/Senec/AppData/Local/Programs/MiKTeX/fonts/enc/dvips/libertine/lbtn_omcwp2.enc}<C:/Users/Senec/AppData/Local/Programs/MiKTeX/fonts/type1/public/libertine/LinBiolinumT.pfb><C:/Users/Senec/AppData/Local/Programs/MiKTeX/fonts/type1/public/libertine/LinBiolinumTB.pfb><C:/Users/Senec/AppData/Local/Programs/MiKTeX/fonts/type1/public/libertine/LinLibertineT.pfb><C:/Users/Senec/AppData/Local/Programs/MiKTeX/fonts/type1/public/libertine/LinLibertineTB.pfb><C:/Users/Senec/AppData/Local/Programs/MiKTeX/fonts/type1/public/libertine/LinLibertineTI.pfb>
Output written on rapport.pdf (25 pages, 4181491 bytes).
PDF statistics:
 486 PDF objects out of 1000 (max. 8388607)
 138 named destinations out of 1000 (max. 500000)
 479 words of extra memory for PDF output out of 10000 (max. 10000000)

