This is pdfTeX, Version 3.14159265-2.6-1.40.21 (MiKTeX 2.9.7300 64-bit) (preloaded format=pdflatex 2020.3.18)  7 JUN 2020 19:25
entering extended mode
**"d:/Hors-SSD/Bureau/Workplace/Latex/Creation/Synthèse/Synthèse Physique/Synthèse.tex"
("d:/Hors-SSD/Bureau/Workplace/Latex/Creation/Synthèse/Synthèse Physique/Synthèse.tex"
LaTeX2e <2020-02-02> patch level 5
L3 programming layer <2020-03-06> ("C:\Users\Senec\AppData\Local\Programs\MiKTeX 2.9\tex/latex/base\article.cls"
Document Class: article 2019/12/20 v1.4l Standard LaTeX document class
("C:\Users\Senec\AppData\Local\Programs\MiKTeX 2.9\tex/latex/base\size10.clo"
File: size10.clo 2019/12/20 v1.4l Standard LaTeX file (size option)
)
\c@part=\count167
\c@section=\count168
\c@subsection=\count169
\c@subsubsection=\count170
\c@paragraph=\count171
\c@subparagraph=\count172
\c@figure=\count173
\c@table=\count174
\abovecaptionskip=\skip47
\belowcaptionskip=\skip48
\bibindent=\dimen134
) ("C:\Users\Senec\AppData\Local\Programs\MiKTeX 2.9\tex/latex/lm\lmodern.sty"
Package: lmodern 2009/10/30 v1.6 Latin Modern Fonts
LaTeX Font Info:    Overwriting symbol font `operators' in version `normal'
(Font)                  OT1/cmr/m/n --> OT1/lmr/m/n on input line 22.
LaTeX Font Info:    Overwriting symbol font `letters' in version `normal'
(Font)                  OML/cmm/m/it --> OML/lmm/m/it on input line 23.
LaTeX Font Info:    Overwriting symbol font `symbols' in version `normal'
(Font)                  OMS/cmsy/m/n --> OMS/lmsy/m/n on input line 24.
LaTeX Font Info:    Overwriting symbol font `largesymbols' in version `normal'
(Font)                  OMX/cmex/m/n --> OMX/lmex/m/n on input line 25.
LaTeX Font Info:    Overwriting symbol font `operators' in version `bold'
(Font)                  OT1/cmr/bx/n --> OT1/lmr/bx/n on input line 26.
LaTeX Font Info:    Overwriting symbol font `letters' in version `bold'
(Font)                  OML/cmm/b/it --> OML/lmm/b/it on input line 27.
LaTeX Font Info:    Overwriting symbol font `symbols' in version `bold'
(Font)                  OMS/cmsy/b/n --> OMS/lmsy/b/n on input line 28.
LaTeX Font Info:    Overwriting symbol font `largesymbols' in version `bold'
(Font)                  OMX/cmex/m/n --> OMX/lmex/m/n on input line 29.
LaTeX Font Info:    Overwriting math alphabet `\mathbf' in version `normal'
(Font)                  OT1/cmr/bx/n --> OT1/lmr/bx/n on input line 31.
LaTeX Font Info:    Overwriting math alphabet `\mathsf' in version `normal'
(Font)                  OT1/cmss/m/n --> OT1/lmss/m/n on input line 32.
LaTeX Font Info:    Overwriting math alphabet `\mathit' in version `normal'
(Font)                  OT1/cmr/m/it --> OT1/lmr/m/it on input line 33.
LaTeX Font Info:    Overwriting math alphabet `\mathtt' in version `normal'
(Font)                  OT1/cmtt/m/n --> OT1/lmtt/m/n on input line 34.
LaTeX Font Info:    Overwriting math alphabet `\mathbf' in version `bold'
(Font)                  OT1/cmr/bx/n --> OT1/lmr/bx/n on input line 35.
LaTeX Font Info:    Overwriting math alphabet `\mathsf' in version `bold'
(Font)                  OT1/cmss/bx/n --> OT1/lmss/bx/n on input line 36.
LaTeX Font Info:    Overwriting math alphabet `\mathit' in version `bold'
(Font)                  OT1/cmr/bx/it --> OT1/lmr/bx/it on input line 37.
LaTeX Font Info:    Overwriting math alphabet `\mathtt' in version `bold'
(Font)                  OT1/cmtt/m/n --> OT1/lmtt/m/n on input line 38.
) ("C:\Users\Senec\AppData\Local\Programs\MiKTeX 2.9\tex/generic/babel\babel.sty"
Package: babel 2020/02/28 3.41 The Babel package
 ("C:\Users\Senec\AppData\Local\Programs\MiKTeX 2.9\tex/generic/babel\switch.def"
File: switch.def 2020/02/28 3.41 Babel switching mechanism
)
*************************************
* Local config file bblopts.cfg used
*
("C:\Users\Senec\AppData\Local\Programs\MiKTeX 2.9\tex/latex/arabi\bblopts.cfg"
File: bblopts.cfg 2005/09/08 v0.1 add Arabic and Farsi to "declared" options of babel
) ("C:\Users\Senec\AppData\Local\Programs\MiKTeX 2.9\tex/generic/babel-french\french.ldf"
Language: french 2020/01/30 v3.5g French support from the babel system
 ("C:\Users\Senec\AppData\Local\Programs\MiKTeX 2.9\tex/generic/babel\babel.def"
File: babel.def 2020/02/28 3.41 Babel common definitions
\babel@savecnt=\count175
\U@D=\dimen135
 ("C:\Users\Senec\AppData\Local\Programs\MiKTeX 2.9\tex/generic/babel\txtbabel.def")
\bbl@readstream=\read2
\bbl@dirlevel=\count176
)
Package babel Info: \l@acadian = using hyphenrules for french
(babel)             (\language22) on input line 91.
Package babel Info: \l@canadien = using hyphenrules for french
(babel)             (\language22) on input line 92.
\FB@nonchar=\count177
Package babel Info: Making : an active character on input line 419.
Package babel Info: Making ; an active character on input line 420.
Package babel Info: Making ! an active character on input line 421.
Package babel Info: Making ? an active character on input line 422.
\FBguill@level=\count178
\FBold@everypar=\toks15
\FB@Mht=\dimen136
\mc@charclass=\count179
\mc@charfam=\count180
\mc@charslot=\count181
\std@mcc=\count182
\dec@mcc=\count183
\c@FBcaption@count=\count184
\listindentFB=\dimen137
\descindentFB=\dimen138
\labelindentFB=\dimen139
\labelwidthFB=\dimen140
\leftmarginFB=\dimen141
\parindentFFN=\dimen142
\FBfnindent=\dimen143
)) ("C:\Users\Senec\AppData\Local\Programs\MiKTeX 2.9\tex/latex/carlisle\scalefnt.sty") ("C:\Users\Senec\AppData\Local\Programs\MiKTeX 2.9\tex/latex/graphics\keyval.sty"
Package: keyval 2014/10/28 v1.15 key=value parser (DPC)
\KV@toks@=\toks16
) ("C:\Users\Senec\AppData\Local\Programs\MiKTeX 2.9\tex/latex/base\inputenc.sty"
Package: inputenc 2018/08/11 v1.3c Input encoding file
\inpenc@prehook=\toks17
\inpenc@posthook=\toks18
 ("C:\Users\Senec\AppData\Local\Programs\MiKTeX 2.9\tex/latex/ucs\utf8x.def"
File: utf8x.def 2004/10/17 UCS: Input encoding UTF-8
)) ("C:\Users\Senec\AppData\Local\Programs\MiKTeX 2.9\tex/latex/ucs\ucs.sty"
Package: ucs 2013/05/11 v2.2 UCS: Unicode input support
 ("C:\Users\Senec\AppData\Local\Programs\MiKTeX 2.9\tex/latex/ucs\uni-global.def"
File: uni-global.def 2013/05/13 UCS: Unicode global data
)
\uc@secondtry=\count185
\uc@combtoks=\toks19
\uc@combtoksb=\toks20
\uc@temptokena=\toks21
) ("C:\Users\Senec\AppData\Local\Programs\MiKTeX 2.9\tex/latex/base\fontenc.sty"
Package: fontenc 2020/02/11 v2.0o Standard LaTeX package
LaTeX Font Info:    Trying to load font information for T1+lmr on input line 112.
 ("C:\Users\Senec\AppData\Local\Programs\MiKTeX 2.9\tex/latex/lm\t1lmr.fd"
File: t1lmr.fd 2009/10/30 v1.6 Font defs for Latin Modern
)) ("C:\Users\Senec\AppData\Local\Programs\MiKTeX 2.9\tex/latex/geometry\geometry.sty"
Package: geometry 2020/01/02 v5.9 Page Geometry
 ("C:\Users\Senec\AppData\Local\Programs\MiKTeX 2.9\tex/generic/iftex\ifvtex.sty"
Package: ifvtex 2019/10/25 v1.7 ifvtex legacy package. Use iftex instead.
 ("C:\Users\Senec\AppData\Local\Programs\MiKTeX 2.9\tex/generic/iftex\iftex.sty"
Package: iftex 2020/03/06 v1.0d TeX engine tests
))
\Gm@cnth=\count186
\Gm@cntv=\count187
\c@Gm@tempcnt=\count188
\Gm@bindingoffset=\dimen144
\Gm@wd@mp=\dimen145
\Gm@odd@mp=\dimen146
\Gm@even@mp=\dimen147
\Gm@layoutwidth=\dimen148
\Gm@layoutheight=\dimen149
\Gm@layouthoffset=\dimen150
\Gm@layoutvoffset=\dimen151
\Gm@dimlist=\toks22
 ("C:\Users\Senec\AppData\Local\Programs\MiKTeX 2.9\tex/latex/geometry\geometry.cfg")) ("C:\Users\Senec\AppData\Local\Programs\MiKTeX 2.9\tex/latex/amsmath\amsmath.sty"
Package: amsmath 2020/01/20 v2.17e AMS math features
\@mathmargin=\skip49

For additional information on amsmath, use the `?' option.
("C:\Users\Senec\AppData\Local\Programs\MiKTeX 2.9\tex/latex/amsmath\amstext.sty"
Package: amstext 2000/06/29 v2.01 AMS text
 ("C:\Users\Senec\AppData\Local\Programs\MiKTeX 2.9\tex/latex/amsmath\amsgen.sty"
File: amsgen.sty 1999/11/30 v2.0 generic functions
\@emptytoks=\toks23
\ex@=\dimen152
)) ("C:\Users\Senec\AppData\Local\Programs\MiKTeX 2.9\tex/latex/amsmath\amsbsy.sty"
Package: amsbsy 1999/11/29 v1.2d Bold Symbols
\pmbraise@=\dimen153
) ("C:\Users\Senec\AppData\Local\Programs\MiKTeX 2.9\tex/latex/amsmath\amsopn.sty"
Package: amsopn 2016/03/08 v2.02 operator names
)
\inf@bad=\count189
LaTeX Info: Redefining \frac on input line 227.
\uproot@=\count190
\leftroot@=\count191
LaTeX Info: Redefining \overline on input line 389.
\classnum@=\count192
\DOTSCASE@=\count193
LaTeX Info: Redefining \ldots on input line 486.
LaTeX Info: Redefining \dots on input line 489.
LaTeX Info: Redefining \cdots on input line 610.
\Mathstrutbox@=\box45
\strutbox@=\box46
\big@size=\dimen154
LaTeX Font Info:    Redeclaring font encoding OML on input line 733.
LaTeX Font Info:    Redeclaring font encoding OMS on input line 734.
\macc@depth=\count194
\c@MaxMatrixCols=\count195
\dotsspace@=\muskip16
\c@parentequation=\count196
\dspbrk@lvl=\count197
\tag@help=\toks24
\row@=\count198
\column@=\count199
\maxfields@=\count266
\andhelp@=\toks25
\eqnshift@=\dimen155
\alignsep@=\dimen156
\tagshift@=\dimen157
\tagwidth@=\dimen158
\totwidth@=\dimen159
\lineht@=\dimen160
\@envbody=\toks26
\multlinegap=\skip50
\multlinetaggap=\skip51
\mathdisplay@stack=\toks27
LaTeX Info: Redefining \[ on input line 2859.
LaTeX Info: Redefining \] on input line 2860.
) ("C:\Users\Senec\AppData\Local\Programs\MiKTeX 2.9\tex/latex/graphics\graphicx.sty"
Package: graphicx 2019/11/30 v1.2a Enhanced LaTeX Graphics (DPC,SPQR)
 ("C:\Users\Senec\AppData\Local\Programs\MiKTeX 2.9\tex/latex/graphics\graphics.sty"
Package: graphics 2019/11/30 v1.4a Standard LaTeX Graphics (DPC,SPQR)
 ("C:\Users\Senec\AppData\Local\Programs\MiKTeX 2.9\tex/latex/graphics\trig.sty"
Package: trig 2016/01/03 v1.10 sin cos tan (DPC)
) ("C:\Users\Senec\AppData\Local\Programs\MiKTeX 2.9\tex/latex/graphics-cfg\graphics.cfg"
File: graphics.cfg 2016/06/04 v1.11 sample graphics configuration
)
Package graphics Info: Driver file: pdftex.def on input line 105.
 ("C:\Users\Senec\AppData\Local\Programs\MiKTeX 2.9\tex/latex/graphics-def\pdftex.def"
File: pdftex.def 2018/01/08 v1.0l Graphics/color driver for pdftex
))
\Gin@req@height=\dimen161
\Gin@req@width=\dimen162
) ("C:\Users\Senec\AppData\Local\Programs\MiKTeX 2.9\tex/latex/todonotes\todonotes.sty"
Package: todonotes 2019/01/24 v1.1.2 Todonotes source and documentation.
Package: todonotes 2018/11/22
 ("C:\Users\Senec\AppData\Local\Programs\MiKTeX 2.9\tex/latex/base\ifthen.sty"
Package: ifthen 2014/09/29 v1.1c Standard LaTeX ifthen package (DPC)
) ("C:\Users\Senec\AppData\Local\Programs\MiKTeX 2.9\tex/latex/xkeyval\xkeyval.sty"
Package: xkeyval 2014/12/03 v2.7a package option processing (HA)
 ("C:\Users\Senec\AppData\Local\Programs\MiKTeX 2.9\tex/generic/xkeyval\xkeyval.tex" ("C:\Users\Senec\AppData\Local\Programs\MiKTeX 2.9\tex/generic/xkeyval\xkvutils.tex"
\XKV@toks=\toks28
\XKV@tempa@toks=\toks29
)
\XKV@depth=\count267
File: xkeyval.tex 2014/12/03 v2.7a key=value parser (HA)
)) ("C:\Users\Senec\AppData\Local\Programs\MiKTeX 2.9\tex/latex/xcolor\xcolor.sty"
Package: xcolor 2016/05/11 v2.12 LaTeX color extensions (UK)
 ("C:\Users\Senec\AppData\Local\Programs\MiKTeX 2.9\tex/latex/graphics-cfg\color.cfg"
File: color.cfg 2016/01/02 v1.6 sample color configuration
)
Package xcolor Info: Driver file: pdftex.def on input line 225.
Package xcolor Info: Model `cmy' substituted by `cmy0' on input line 1348.
Package xcolor Info: Model `hsb' substituted by `rgb' on input line 1352.
Package xcolor Info: Model `RGB' extended on input line 1364.
Package xcolor Info: Model `HTML' substituted by `rgb' on input line 1366.
Package xcolor Info: Model `Hsb' substituted by `hsb' on input line 1367.
Package xcolor Info: Model `tHsb' substituted by `hsb' on input line 1368.
Package xcolor Info: Model `HSB' substituted by `hsb' on input line 1369.
Package xcolor Info: Model `Gray' substituted by `gray' on input line 1370.
Package xcolor Info: Model `wave' substituted by `hsb' on input line 1371.
) ("C:\Users\Senec\AppData\Local\Programs\MiKTeX 2.9\tex/latex/pgf/frontendlayer\tikz.sty" ("C:\Users\Senec\AppData\Local\Programs\MiKTeX 2.9\tex/latex/pgf/basiclayer\pgf.sty" ("C:\Users\Senec\AppData\Local\Programs\MiKTeX 2.9\tex/latex/pgf/utilities\pgfrcs.sty" ("C:\Users\Senec\AppData\Local\Programs\MiKTeX 2.9\tex/generic/pgf/utilities\pgfutil-common.tex"
\pgfutil@everybye=\toks30
\pgfutil@tempdima=\dimen163
\pgfutil@tempdimb=\dimen164
 ("C:\Users\Senec\AppData\Local\Programs\MiKTeX 2.9\tex/generic/pgf/utilities\pgfutil-common-lists.tex")) ("C:\Users\Senec\AppData\Local\Programs\MiKTeX 2.9\tex/generic/pgf/utilities\pgfutil-latex.def"
\pgfutil@abb=\box47
 ("C:\Users\Senec\AppData\Local\Programs\MiKTeX 2.9\tex/latex/ms\everyshi.sty"
Package: everyshi 2001/05/15 v3.00 EveryShipout Package (MS)
)) ("C:\Users\Senec\AppData\Local\Programs\MiKTeX 2.9\tex/generic/pgf/utilities\pgfrcs.code.tex" ("C:\Users\Senec\AppData\Local\Programs\MiKTeX 2.9\tex/generic/pgf\pgf.revision.tex")
Package: pgfrcs 2020/01/08 v3.1.5b (3.1.5b)
))
Package: pgf 2020/01/08 v3.1.5b (3.1.5b)
 ("C:\Users\Senec\AppData\Local\Programs\MiKTeX 2.9\tex/latex/pgf/basiclayer\pgfcore.sty" ("C:\Users\Senec\AppData\Local\Programs\MiKTeX 2.9\tex/latex/pgf/systemlayer\pgfsys.sty" ("C:\Users\Senec\AppData\Local\Programs\MiKTeX 2.9\tex/generic/pgf/systemlayer\pgfsys.code.tex"
Package: pgfsys 2020/01/08 v3.1.5b (3.1.5b)
 ("C:\Users\Senec\AppData\Local\Programs\MiKTeX 2.9\tex/generic/pgf/utilities\pgfkeys.code.tex"
\pgfkeys@pathtoks=\toks31
\pgfkeys@temptoks=\toks32
 ("C:\Users\Senec\AppData\Local\Programs\MiKTeX 2.9\tex/generic/pgf/utilities\pgfkeysfiltered.code.tex"
\pgfkeys@tmptoks=\toks33
))
\pgf@x=\dimen165
\pgf@y=\dimen166
\pgf@xa=\dimen167
\pgf@ya=\dimen168
\pgf@xb=\dimen169
\pgf@yb=\dimen170
\pgf@xc=\dimen171
\pgf@yc=\dimen172
\pgf@xd=\dimen173
\pgf@yd=\dimen174
\w@pgf@writea=\write3
\r@pgf@reada=\read3
\c@pgf@counta=\count268
\c@pgf@countb=\count269
\c@pgf@countc=\count270
\c@pgf@countd=\count271
\t@pgf@toka=\toks34
\t@pgf@tokb=\toks35
\t@pgf@tokc=\toks36
\pgf@sys@id@count=\count272
 ("C:\Users\Senec\AppData\Local\Programs\MiKTeX 2.9\tex/generic/pgf/systemlayer\pgf.cfg"
File: pgf.cfg 2020/01/08 v3.1.5b (3.1.5b)
)
Driver file for pgf: pgfsys-pdftex.def
 ("C:\Users\Senec\AppData\Local\Programs\MiKTeX 2.9\tex/generic/pgf/systemlayer\pgfsys-pdftex.def"
File: pgfsys-pdftex.def 2020/01/08 v3.1.5b (3.1.5b)
 ("C:\Users\Senec\AppData\Local\Programs\MiKTeX 2.9\tex/generic/pgf/systemlayer\pgfsys-common-pdf.def"
File: pgfsys-common-pdf.def 2020/01/08 v3.1.5b (3.1.5b)
))) ("C:\Users\Senec\AppData\Local\Programs\MiKTeX 2.9\tex/generic/pgf/systemlayer\pgfsyssoftpath.code.tex"
File: pgfsyssoftpath.code.tex 2020/01/08 v3.1.5b (3.1.5b)
\pgfsyssoftpath@smallbuffer@items=\count273
\pgfsyssoftpath@bigbuffer@items=\count274
) ("C:\Users\Senec\AppData\Local\Programs\MiKTeX 2.9\tex/generic/pgf/systemlayer\pgfsysprotocol.code.tex"
File: pgfsysprotocol.code.tex 2020/01/08 v3.1.5b (3.1.5b)
)) ("C:\Users\Senec\AppData\Local\Programs\MiKTeX 2.9\tex/generic/pgf/basiclayer\pgfcore.code.tex"
Package: pgfcore 2020/01/08 v3.1.5b (3.1.5b)
 ("C:\Users\Senec\AppData\Local\Programs\MiKTeX 2.9\tex/generic/pgf/math\pgfmath.code.tex" ("C:\Users\Senec\AppData\Local\Programs\MiKTeX 2.9\tex/generic/pgf/math\pgfmathcalc.code.tex" ("C:\Users\Senec\AppData\Local\Programs\MiKTeX 2.9\tex/generic/pgf/math\pgfmathutil.code.tex") ("C:\Users\Senec\AppData\Local\Programs\MiKTeX 2.9\tex/generic/pgf/math\pgfmathparser.code.tex"
\pgfmath@dimen=\dimen175
\pgfmath@count=\count275
\pgfmath@box=\box48
\pgfmath@toks=\toks37
\pgfmath@stack@operand=\toks38
\pgfmath@stack@operation=\toks39
) ("C:\Users\Senec\AppData\Local\Programs\MiKTeX 2.9\tex/generic/pgf/math\pgfmathfunctions.code.tex" ("C:\Users\Senec\AppData\Local\Programs\MiKTeX 2.9\tex/generic/pgf/math\pgfmathfunctions.basic.code.tex") ("C:\Users\Senec\AppData\Local\Programs\MiKTeX 2.9\tex/generic/pgf/math\pgfmathfunctions.trigonometric.code.tex") ("C:\Users\Senec\AppData\Local\Programs\MiKTeX 2.9\tex/generic/pgf/math\pgfmathfunctions.random.code.tex") ("C:\Users\Senec\AppData\Local\Programs\MiKTeX 2.9\tex/generic/pgf/math\pgfmathfunctions.comparison.code.tex") ("C:\Users\Senec\AppData\Local\Programs\MiKTeX 2.9\tex/generic/pgf/math\pgfmathfunctions.base.code.tex") ("C:\Users\Senec\AppData\Local\Programs\MiKTeX 2.9\tex/generic/pgf/math\pgfmathfunctions.round.code.tex") ("C:\Users\Senec\AppData\Local\Programs\MiKTeX 2.9\tex/generic/pgf/math\pgfmathfunctions.misc.code.tex") ("C:\Users\Senec\AppData\Local\Programs\MiKTeX 2.9\tex/generic/pgf/math\pgfmathfunctions.integerarithmetics.code.tex"))) ("C:\Users\Senec\AppData\Local\Programs\MiKTeX 2.9\tex/generic/pgf/math\pgfmathfloat.code.tex"
\c@pgfmathroundto@lastzeros=\count276
)) ("C:\Users\Senec\AppData\Local\Programs\MiKTeX 2.9\tex/generic/pgf/math\pgfint.code.tex") ("C:\Users\Senec\AppData\Local\Programs\MiKTeX 2.9\tex/generic/pgf/basiclayer\pgfcorepoints.code.tex"
File: pgfcorepoints.code.tex 2020/01/08 v3.1.5b (3.1.5b)
\pgf@picminx=\dimen176
\pgf@picmaxx=\dimen177
\pgf@picminy=\dimen178
\pgf@picmaxy=\dimen179
\pgf@pathminx=\dimen180
\pgf@pathmaxx=\dimen181
\pgf@pathminy=\dimen182
\pgf@pathmaxy=\dimen183
\pgf@xx=\dimen184
\pgf@xy=\dimen185
\pgf@yx=\dimen186
\pgf@yy=\dimen187
\pgf@zx=\dimen188
\pgf@zy=\dimen189
) ("C:\Users\Senec\AppData\Local\Programs\MiKTeX 2.9\tex/generic/pgf/basiclayer\pgfcorepathconstruct.code.tex"
File: pgfcorepathconstruct.code.tex 2020/01/08 v3.1.5b (3.1.5b)
\pgf@path@lastx=\dimen190
\pgf@path@lasty=\dimen191
) ("C:\Users\Senec\AppData\Local\Programs\MiKTeX 2.9\tex/generic/pgf/basiclayer\pgfcorepathusage.code.tex"
File: pgfcorepathusage.code.tex 2020/01/08 v3.1.5b (3.1.5b)
\pgf@shorten@end@additional=\dimen192
\pgf@shorten@start@additional=\dimen193
) ("C:\Users\Senec\AppData\Local\Programs\MiKTeX 2.9\tex/generic/pgf/basiclayer\pgfcorescopes.code.tex"
File: pgfcorescopes.code.tex 2020/01/08 v3.1.5b (3.1.5b)
\pgfpic=\box49
\pgf@hbox=\box50
\pgf@layerbox@main=\box51
\pgf@picture@serial@count=\count277
) ("C:\Users\Senec\AppData\Local\Programs\MiKTeX 2.9\tex/generic/pgf/basiclayer\pgfcoregraphicstate.code.tex"
File: pgfcoregraphicstate.code.tex 2020/01/08 v3.1.5b (3.1.5b)
\pgflinewidth=\dimen194
) ("C:\Users\Senec\AppData\Local\Programs\MiKTeX 2.9\tex/generic/pgf/basiclayer\pgfcoretransformations.code.tex"
File: pgfcoretransformations.code.tex 2020/01/08 v3.1.5b (3.1.5b)
\pgf@pt@x=\dimen195
\pgf@pt@y=\dimen196
\pgf@pt@temp=\dimen197
) ("C:\Users\Senec\AppData\Local\Programs\MiKTeX 2.9\tex/generic/pgf/basiclayer\pgfcorequick.code.tex"
File: pgfcorequick.code.tex 2020/01/08 v3.1.5b (3.1.5b)
) ("C:\Users\Senec\AppData\Local\Programs\MiKTeX 2.9\tex/generic/pgf/basiclayer\pgfcoreobjects.code.tex"
File: pgfcoreobjects.code.tex 2020/01/08 v3.1.5b (3.1.5b)
) ("C:\Users\Senec\AppData\Local\Programs\MiKTeX 2.9\tex/generic/pgf/basiclayer\pgfcorepathprocessing.code.tex"
File: pgfcorepathprocessing.code.tex 2020/01/08 v3.1.5b (3.1.5b)
) ("C:\Users\Senec\AppData\Local\Programs\MiKTeX 2.9\tex/generic/pgf/basiclayer\pgfcorearrows.code.tex"
File: pgfcorearrows.code.tex 2020/01/08 v3.1.5b (3.1.5b)
\pgfarrowsep=\dimen198
) ("C:\Users\Senec\AppData\Local\Programs\MiKTeX 2.9\tex/generic/pgf/basiclayer\pgfcoreshade.code.tex"
File: pgfcoreshade.code.tex 2020/01/08 v3.1.5b (3.1.5b)
\pgf@max=\dimen199
\pgf@sys@shading@range@num=\count278
\pgf@shadingcount=\count279
) ("C:\Users\Senec\AppData\Local\Programs\MiKTeX 2.9\tex/generic/pgf/basiclayer\pgfcoreimage.code.tex"
File: pgfcoreimage.code.tex 2020/01/08 v3.1.5b (3.1.5b)
 ("C:\Users\Senec\AppData\Local\Programs\MiKTeX 2.9\tex/generic/pgf/basiclayer\pgfcoreexternal.code.tex"
File: pgfcoreexternal.code.tex 2020/01/08 v3.1.5b (3.1.5b)
\pgfexternal@startupbox=\box52
)) ("C:\Users\Senec\AppData\Local\Programs\MiKTeX 2.9\tex/generic/pgf/basiclayer\pgfcorelayers.code.tex"
File: pgfcorelayers.code.tex 2020/01/08 v3.1.5b (3.1.5b)
) ("C:\Users\Senec\AppData\Local\Programs\MiKTeX 2.9\tex/generic/pgf/basiclayer\pgfcoretransparency.code.tex"
File: pgfcoretransparency.code.tex 2020/01/08 v3.1.5b (3.1.5b)
) ("C:\Users\Senec\AppData\Local\Programs\MiKTeX 2.9\tex/generic/pgf/basiclayer\pgfcorepatterns.code.tex"
File: pgfcorepatterns.code.tex 2020/01/08 v3.1.5b (3.1.5b)
) ("C:\Users\Senec\AppData\Local\Programs\MiKTeX 2.9\tex/generic/pgf/basiclayer\pgfcorerdf.code.tex"
File: pgfcorerdf.code.tex 2020/01/08 v3.1.5b (3.1.5b)
))) ("C:\Users\Senec\AppData\Local\Programs\MiKTeX 2.9\tex/generic/pgf/modules\pgfmoduleshapes.code.tex"
File: pgfmoduleshapes.code.tex 2020/01/08 v3.1.5b (3.1.5b)
\pgfnodeparttextbox=\box53
) ("C:\Users\Senec\AppData\Local\Programs\MiKTeX 2.9\tex/generic/pgf/modules\pgfmoduleplot.code.tex"
File: pgfmoduleplot.code.tex 2020/01/08 v3.1.5b (3.1.5b)
) ("C:\Users\Senec\AppData\Local\Programs\MiKTeX 2.9\tex/latex/pgf/compatibility\pgfcomp-version-0-65.sty"
Package: pgfcomp-version-0-65 2020/01/08 v3.1.5b (3.1.5b)
\pgf@nodesepstart=\dimen256
\pgf@nodesepend=\dimen257
) ("C:\Users\Senec\AppData\Local\Programs\MiKTeX 2.9\tex/latex/pgf/compatibility\pgfcomp-version-1-18.sty"
Package: pgfcomp-version-1-18 2020/01/08 v3.1.5b (3.1.5b)
)) ("C:\Users\Senec\AppData\Local\Programs\MiKTeX 2.9\tex/latex/pgf/utilities\pgffor.sty" ("C:\Users\Senec\AppData\Local\Programs\MiKTeX 2.9\tex/latex/pgf/utilities\pgfkeys.sty" ("C:\Users\Senec\AppData\Local\Programs\MiKTeX 2.9\tex/generic/pgf/utilities\pgfkeys.code.tex")) ("C:\Users\Senec\AppData\Local\Programs\MiKTeX 2.9\tex/latex/pgf/math\pgfmath.sty" ("C:\Users\Senec\AppData\Local\Programs\MiKTeX 2.9\tex/generic/pgf/math\pgfmath.code.tex")) ("C:\Users\Senec\AppData\Local\Programs\MiKTeX 2.9\tex/generic/pgf/utilities\pgffor.code.tex"
Package: pgffor 2020/01/08 v3.1.5b (3.1.5b)
 ("C:\Users\Senec\AppData\Local\Programs\MiKTeX 2.9\tex/generic/pgf/math\pgfmath.code.tex")
\pgffor@iter=\dimen258
\pgffor@skip=\dimen259
\pgffor@stack=\toks40
\pgffor@toks=\toks41
)) ("C:\Users\Senec\AppData\Local\Programs\MiKTeX 2.9\tex/generic/pgf/frontendlayer/tikz\tikz.code.tex"
Package: tikz 2020/01/08 v3.1.5b (3.1.5b)
 ("C:\Users\Senec\AppData\Local\Programs\MiKTeX 2.9\tex/generic/pgf/libraries\pgflibraryplothandlers.code.tex"
File: pgflibraryplothandlers.code.tex 2020/01/08 v3.1.5b (3.1.5b)
\pgf@plot@mark@count=\count280
\pgfplotmarksize=\dimen260
)
\tikz@lastx=\dimen261
\tikz@lasty=\dimen262
\tikz@lastxsaved=\dimen263
\tikz@lastysaved=\dimen264
\tikz@lastmovetox=\dimen265
\tikz@lastmovetoy=\dimen266
\tikzleveldistance=\dimen267
\tikzsiblingdistance=\dimen268
\tikz@figbox=\box54
\tikz@figbox@bg=\box55
\tikz@tempbox=\box56
\tikz@tempbox@bg=\box57
\tikztreelevel=\count281
\tikznumberofchildren=\count282
\tikznumberofcurrentchild=\count283
\tikz@fig@count=\count284
 ("C:\Users\Senec\AppData\Local\Programs\MiKTeX 2.9\tex/generic/pgf/modules\pgfmodulematrix.code.tex"
File: pgfmodulematrix.code.tex 2020/01/08 v3.1.5b (3.1.5b)
\pgfmatrixcurrentrow=\count285
\pgfmatrixcurrentcolumn=\count286
\pgf@matrix@numberofcolumns=\count287
)
\tikz@expandcount=\count288
 ("C:\Users\Senec\AppData\Local\Programs\MiKTeX 2.9\tex/generic/pgf/frontendlayer/tikz/libraries\tikzlibrarytopaths.code.tex"
File: tikzlibrarytopaths.code.tex 2020/01/08 v3.1.5b (3.1.5b)
))) ("C:\Users\Senec\AppData\Local\Programs\MiKTeX 2.9\tex/generic/pgf/frontendlayer/tikz/libraries\tikzlibrarypositioning.code.tex"
File: tikzlibrarypositioning.code.tex 2020/01/08 v3.1.5b (3.1.5b)
) ("C:\Users\Senec\AppData\Local\Programs\MiKTeX 2.9\tex/generic/pgf/frontendlayer/tikz/libraries\tikzlibraryshadows.code.tex"
File: tikzlibraryshadows.code.tex 2020/01/08 v3.1.5b (3.1.5b)
 ("C:\Users\Senec\AppData\Local\Programs\MiKTeX 2.9\tex/generic/pgf/frontendlayer/tikz/libraries\tikzlibraryfadings.code.tex"
File: tikzlibraryfadings.code.tex 2020/01/08 v3.1.5b (3.1.5b)
 ("C:\Users\Senec\AppData\Local\Programs\MiKTeX 2.9\tex/generic/pgf/libraries\pgflibraryfadings.code.tex"
File: pgflibraryfadings.code.tex 2020/01/08 v3.1.5b (3.1.5b)

C:\Users\Senec\AppData\Local\Programs\MiKTeX 2.9\tex/generic/pgf/libraries\pgflibraryfadings.code.tex:17: I can't write on file `Synthèse.pdf'.
Please type another file name for output
C:\Users\Senec\AppData\Local\Programs\MiKTeX 2.9\tex/generic/pgf/libraries\pgflibraryfadings.code.tex:17: Emergency stop.
\pgfsys@horishading ...e] >> >>}\pgfutil@tempboxa 
                                                  \xdef \pgfutil@tempa {\hbo...
l.17 ...t!100); color(100bp)=(pgftransparent!100)}
                                                  %
*** (job aborted, file error in nonstop mode)

 
Here is how much of TeX's memory you used:
 14130 strings out of 480934
 278478 string characters out of 2899917
 518345 words of memory out of 3000000
 29746 multiletter control sequences out of 15000+200000
 535328 words of font info for 25 fonts, out of 3000000 for 9000
 1141 hyphenation exceptions out of 8191
 68i,1n,83p,550b,426s stack positions out of 5000i,500n,10000p,200000b,50000s
C:\Users\Senec\AppData\Local\Programs\MiKTeX 2.9\tex/generic/pgf/libraries\pgflibraryfadings.code.tex:17:  ==> Fatal error occurred, no output PDF file produced!
