\BOOKMARK [1][-]{section.1}{Histoire}{}% 1
\BOOKMARK [2][-]{subsection.1.1}{Scytale}{section.1}% 2
\BOOKMARK [2][-]{subsection.1.2}{Atbash}{section.1}% 3
\BOOKMARK [2][-]{subsection.1.3}{Chiffre de C\351sar}{section.1}% 4
\BOOKMARK [2][-]{subsection.1.4}{Cryptanalyse : al-Kindi}{section.1}% 5
\BOOKMARK [2][-]{subsection.1.5}{Le cadran d'Alberti}{section.1}% 6
\BOOKMARK [2][-]{subsection.1.6}{Vigen\350re}{section.1}% 7
\BOOKMARK [2][-]{subsection.1.7}{Chiffre de Playfair}{section.1}% 8
\BOOKMARK [2][-]{subsection.1.8}{Principe de Kerckoffs}{section.1}% 9
\BOOKMARK [2][-]{subsection.1.9}{Chiffre de Vernam}{section.1}% 10
\BOOKMARK [2][-]{subsection.1.10}{Enigma}{section.1}% 11
\BOOKMARK [1][-]{section.2}{Vocabulaire}{}% 12
\BOOKMARK [1][-]{section.3}{Principes de base}{}% 13
\BOOKMARK [1][-]{section.4}{Outils de base}{}% 14
\BOOKMARK [1][-]{section.5}{Chiffrement sym\351trique}{}% 15
\BOOKMARK [1][-]{section.6}{Chiffrement asym\351trique}{}% 16
\BOOKMARK [1][-]{section.7}{Fonction de hachage}{}% 17
\BOOKMARK [1][-]{section.8}{Signature Num\351rique}{}% 18
\BOOKMARK [1][-]{section.9}{Cl\351 de session}{}% 19
\BOOKMARK [1][-]{section.10}{Signature num\351rique et Cl\351 de session}{}% 20
\BOOKMARK [1][-]{section.11}{Avantages/Inconv\351nient}{}% 21
\BOOKMARK [1][-]{section.12}{Man in the middle}{}% 22
\BOOKMARK [1][-]{section.13}{Infrastructure \340 cl\351s publiques}{}% 23
\BOOKMARK [1][-]{section.14}{Algorithmes de cryptographie}{}% 24
\BOOKMARK [2][-]{subsection.14.1}{Chiffrement par flot et par bloc}{section.14}% 25
\BOOKMARK [2][-]{subsection.14.2}{DES}{section.14}% 26
\BOOKMARK [2][-]{subsection.14.3}{3DES}{section.14}% 27
\BOOKMARK [2][-]{subsection.14.4}{AES - Advanced Encryption Standard}{section.14}% 28
\BOOKMARK [2][-]{subsection.14.5}{RC}{section.14}% 29
\BOOKMARK [2][-]{subsection.14.6}{Diffie-Hellman}{section.14}% 30
\BOOKMARK [2][-]{subsection.14.7}{RSA}{section.14}% 31
\BOOKMARK [2][-]{subsection.14.8}{MD5 et SHA}{section.14}% 32
\BOOKMARK [2][-]{subsection.14.9}{SSL et TLS}{section.14}% 33
